[2025-01-09 09:35:16] laravel.EMERGENCY: Unable to create configured logger. Using emergency logger. {"exception":"[object] (InvalidArgumentException(code: 0): Log [] is not defined. at D:\\vectre\\TLMIS\\vendor\\laravel\\framework\\src\\Illuminate\\Log\\LogManager.php:232)
[stacktrace]
#0 D:\\vectre\\TLMIS\\vendor\\laravel\\framework\\src\\Illuminate\\Log\\LogManager.php(139): Illuminate\\Log\\LogManager->resolve()
#1 D:\\vectre\\TLMIS\\vendor\\laravel\\framework\\src\\Illuminate\\Log\\LogManager.php(126): Illuminate\\Log\\LogManager->get()
#2 D:\\vectre\\TLMIS\\vendor\\laravel\\framework\\src\\Illuminate\\Log\\LogManager.php(701): Illuminate\\Log\\LogManager->driver()
#3 D:\\vectre\\TLMIS\\vendor\\laravel\\framework\\src\\Illuminate\\Foundation\\Exceptions\\Handler.php(380): Illuminate\\Log\\LogManager->error()
#4 D:\\vectre\\TLMIS\\vendor\\laravel\\framework\\src\\Illuminate\\Foundation\\Exceptions\\Handler.php(343): Illuminate\\Foundation\\Exceptions\\Handler->reportThrowable()
#5 D:\\vectre\\TLMIS\\vendor\\laravel\\framework\\src\\Illuminate\\Foundation\\Console\\Kernel.php(621): Illuminate\\Foundation\\Exceptions\\Handler->report()
#6 D:\\vectre\\TLMIS\\vendor\\laravel\\framework\\src\\Illuminate\\Foundation\\Console\\Kernel.php(200): Illuminate\\Foundation\\Console\\Kernel->reportException()
#7 Command line code(1): Illuminate\\Foundation\\Console\\Kernel->handle()
#8 {main}
"} 
[2025-01-09 09:35:16] laravel.ERROR: syntax error, unexpected token "=", expecting "]" {"exception":"[object] (ParseError(code: 0): syntax error, unexpected token \"=\", expecting \"]\" at D:\\vectre\\TLMIS\\config\\app.php:56)
[stacktrace]
#0 D:\\vectre\\TLMIS\\vendor\\laravel\\framework\\src\\Illuminate\\Foundation\\Bootstrap\\LoadConfiguration.php(96): Illuminate\\Foundation\\Bootstrap\\LoadConfiguration->Illuminate\\Foundation\\Bootstrap\\{closure}()
#1 D:\\vectre\\TLMIS\\vendor\\laravel\\framework\\src\\Illuminate\\Foundation\\Bootstrap\\LoadConfiguration.php(77): Illuminate\\Foundation\\Bootstrap\\LoadConfiguration->loadConfigurationFile()
#2 D:\\vectre\\TLMIS\\vendor\\laravel\\framework\\src\\Illuminate\\Foundation\\Bootstrap\\LoadConfiguration.php(38): Illuminate\\Foundation\\Bootstrap\\LoadConfiguration->loadConfigurationFiles()
#3 D:\\vectre\\TLMIS\\vendor\\laravel\\framework\\src\\Illuminate\\Foundation\\Application.php(316): Illuminate\\Foundation\\Bootstrap\\LoadConfiguration->bootstrap()
#4 D:\\vectre\\TLMIS\\vendor\\laravel\\framework\\src\\Illuminate\\Foundation\\Console\\Kernel.php(474): Illuminate\\Foundation\\Application->bootstrapWith()
#5 D:\\vectre\\TLMIS\\vendor\\laravel\\framework\\src\\Illuminate\\Foundation\\Console\\Kernel.php(196): Illuminate\\Foundation\\Console\\Kernel->bootstrap()
#6 Command line code(1): Illuminate\\Foundation\\Console\\Kernel->handle()
#7 {main}
"} 
[2025-01-09 09:35:16] laravel.EMERGENCY: Unable to create configured logger. Using emergency logger. {"exception":"[object] (InvalidArgumentException(code: 0): Log [] is not defined. at D:\\vectre\\TLMIS\\vendor\\laravel\\framework\\src\\Illuminate\\Log\\LogManager.php:232)
[stacktrace]
#0 D:\\vectre\\TLMIS\\vendor\\laravel\\framework\\src\\Illuminate\\Log\\LogManager.php(139): Illuminate\\Log\\LogManager->resolve()
#1 D:\\vectre\\TLMIS\\vendor\\laravel\\framework\\src\\Illuminate\\Log\\LogManager.php(126): Illuminate\\Log\\LogManager->get()
#2 D:\\vectre\\TLMIS\\vendor\\laravel\\framework\\src\\Illuminate\\Log\\LogManager.php(701): Illuminate\\Log\\LogManager->driver()
#3 D:\\vectre\\TLMIS\\vendor\\laravel\\framework\\src\\Illuminate\\Foundation\\Exceptions\\Handler.php(380): Illuminate\\Log\\LogManager->error()
#4 D:\\vectre\\TLMIS\\vendor\\laravel\\framework\\src\\Illuminate\\Foundation\\Exceptions\\Handler.php(343): Illuminate\\Foundation\\Exceptions\\Handler->reportThrowable()
#5 D:\\vectre\\TLMIS\\vendor\\laravel\\framework\\src\\Illuminate\\Foundation\\Console\\Kernel.php(621): Illuminate\\Foundation\\Exceptions\\Handler->report()
#6 D:\\vectre\\TLMIS\\vendor\\laravel\\framework\\src\\Illuminate\\Foundation\\Console\\Kernel.php(200): Illuminate\\Foundation\\Console\\Kernel->reportException()
#7 Command line code(1): Illuminate\\Foundation\\Console\\Kernel->handle()
#8 {main}
"} 
[2025-01-09 09:35:16] laravel.ERROR: syntax error, unexpected token "=", expecting "]" {"exception":"[object] (ParseError(code: 0): syntax error, unexpected token \"=\", expecting \"]\" at D:\\vectre\\TLMIS\\config\\app.php:56)
[stacktrace]
#0 D:\\vectre\\TLMIS\\vendor\\laravel\\framework\\src\\Illuminate\\Foundation\\Bootstrap\\LoadConfiguration.php(96): Illuminate\\Foundation\\Bootstrap\\LoadConfiguration->Illuminate\\Foundation\\Bootstrap\\{closure}()
#1 D:\\vectre\\TLMIS\\vendor\\laravel\\framework\\src\\Illuminate\\Foundation\\Bootstrap\\LoadConfiguration.php(77): Illuminate\\Foundation\\Bootstrap\\LoadConfiguration->loadConfigurationFile()
#2 D:\\vectre\\TLMIS\\vendor\\laravel\\framework\\src\\Illuminate\\Foundation\\Bootstrap\\LoadConfiguration.php(38): Illuminate\\Foundation\\Bootstrap\\LoadConfiguration->loadConfigurationFiles()
#3 D:\\vectre\\TLMIS\\vendor\\laravel\\framework\\src\\Illuminate\\Foundation\\Application.php(316): Illuminate\\Foundation\\Bootstrap\\LoadConfiguration->bootstrap()
#4 D:\\vectre\\TLMIS\\vendor\\laravel\\framework\\src\\Illuminate\\Foundation\\Console\\Kernel.php(474): Illuminate\\Foundation\\Application->bootstrapWith()
#5 D:\\vectre\\TLMIS\\vendor\\laravel\\framework\\src\\Illuminate\\Foundation\\Console\\Kernel.php(196): Illuminate\\Foundation\\Console\\Kernel->bootstrap()
#6 Command line code(1): Illuminate\\Foundation\\Console\\Kernel->handle()
#7 {main}
"} 
[2025-01-10 09:42:51] laravel.EMERGENCY: Unable to create configured logger. Using emergency logger. {"exception":"[object] (InvalidArgumentException(code: 0): Log [] is not defined. at D:\\vectre\\TLMIS\\vendor\\laravel\\framework\\src\\Illuminate\\Log\\LogManager.php:232)
[stacktrace]
#0 D:\\vectre\\TLMIS\\vendor\\laravel\\framework\\src\\Illuminate\\Log\\LogManager.php(139): Illuminate\\Log\\LogManager->resolve()
#1 D:\\vectre\\TLMIS\\vendor\\laravel\\framework\\src\\Illuminate\\Log\\LogManager.php(126): Illuminate\\Log\\LogManager->get()
#2 D:\\vectre\\TLMIS\\vendor\\laravel\\framework\\src\\Illuminate\\Log\\LogManager.php(701): Illuminate\\Log\\LogManager->driver()
#3 D:\\vectre\\TLMIS\\vendor\\laravel\\framework\\src\\Illuminate\\Foundation\\Exceptions\\Handler.php(380): Illuminate\\Log\\LogManager->error()
#4 D:\\vectre\\TLMIS\\vendor\\laravel\\framework\\src\\Illuminate\\Foundation\\Exceptions\\Handler.php(343): Illuminate\\Foundation\\Exceptions\\Handler->reportThrowable()
#5 D:\\vectre\\TLMIS\\vendor\\laravel\\framework\\src\\Illuminate\\Foundation\\Console\\Kernel.php(621): Illuminate\\Foundation\\Exceptions\\Handler->report()
#6 D:\\vectre\\TLMIS\\vendor\\laravel\\framework\\src\\Illuminate\\Foundation\\Console\\Kernel.php(200): Illuminate\\Foundation\\Console\\Kernel->reportException()
#7 Command line code(1): Illuminate\\Foundation\\Console\\Kernel->handle()
#8 {main}
"} 
[2025-01-10 09:42:51] laravel.EMERGENCY: Unable to create configured logger. Using emergency logger. {"exception":"[object] (InvalidArgumentException(code: 0): Log [] is not defined. at D:\\vectre\\TLMIS\\vendor\\laravel\\framework\\src\\Illuminate\\Log\\LogManager.php:232)
[stacktrace]
#0 D:\\vectre\\TLMIS\\vendor\\laravel\\framework\\src\\Illuminate\\Log\\LogManager.php(139): Illuminate\\Log\\LogManager->resolve()
#1 D:\\vectre\\TLMIS\\vendor\\laravel\\framework\\src\\Illuminate\\Log\\LogManager.php(126): Illuminate\\Log\\LogManager->get()
#2 D:\\vectre\\TLMIS\\vendor\\laravel\\framework\\src\\Illuminate\\Log\\LogManager.php(701): Illuminate\\Log\\LogManager->driver()
#3 D:\\vectre\\TLMIS\\vendor\\laravel\\framework\\src\\Illuminate\\Foundation\\Exceptions\\Handler.php(380): Illuminate\\Log\\LogManager->error()
#4 D:\\vectre\\TLMIS\\vendor\\laravel\\framework\\src\\Illuminate\\Foundation\\Exceptions\\Handler.php(343): Illuminate\\Foundation\\Exceptions\\Handler->reportThrowable()
#5 D:\\vectre\\TLMIS\\vendor\\laravel\\framework\\src\\Illuminate\\Foundation\\Console\\Kernel.php(621): Illuminate\\Foundation\\Exceptions\\Handler->report()
#6 D:\\vectre\\TLMIS\\vendor\\laravel\\framework\\src\\Illuminate\\Foundation\\Console\\Kernel.php(200): Illuminate\\Foundation\\Console\\Kernel->reportException()
#7 Command line code(1): Illuminate\\Foundation\\Console\\Kernel->handle()
#8 {main}
"} 
[2025-01-10 09:42:51] laravel.ERROR: Class "Tymon\JWTAuth\Providers\JWT\Provider" not found {"exception":"[object] (Error(code: 0): Class \"Tymon\\JWTAuth\\Providers\\JWT\\Provider\" not found at D:\\vectre\\TLMIS\\config\\jwt.php:134)
[stacktrace]
#0 D:\\vectre\\TLMIS\\vendor\\laravel\\framework\\src\\Illuminate\\Foundation\\Bootstrap\\LoadConfiguration.php(96): require()
#1 D:\\vectre\\TLMIS\\vendor\\laravel\\framework\\src\\Illuminate\\Foundation\\Bootstrap\\LoadConfiguration.php(96): Illuminate\\Foundation\\Bootstrap\\LoadConfiguration->Illuminate\\Foundation\\Bootstrap\\{closure}()
#2 D:\\vectre\\TLMIS\\vendor\\laravel\\framework\\src\\Illuminate\\Foundation\\Bootstrap\\LoadConfiguration.php(77): Illuminate\\Foundation\\Bootstrap\\LoadConfiguration->loadConfigurationFile()
#3 D:\\vectre\\TLMIS\\vendor\\laravel\\framework\\src\\Illuminate\\Foundation\\Bootstrap\\LoadConfiguration.php(38): Illuminate\\Foundation\\Bootstrap\\LoadConfiguration->loadConfigurationFiles()
#4 D:\\vectre\\TLMIS\\vendor\\laravel\\framework\\src\\Illuminate\\Foundation\\Application.php(316): Illuminate\\Foundation\\Bootstrap\\LoadConfiguration->bootstrap()
#5 D:\\vectre\\TLMIS\\vendor\\laravel\\framework\\src\\Illuminate\\Foundation\\Console\\Kernel.php(474): Illuminate\\Foundation\\Application->bootstrapWith()
#6 D:\\vectre\\TLMIS\\vendor\\laravel\\framework\\src\\Illuminate\\Foundation\\Console\\Kernel.php(196): Illuminate\\Foundation\\Console\\Kernel->bootstrap()
#7 Command line code(1): Illuminate\\Foundation\\Console\\Kernel->handle()
#8 {main}
"} 
[2025-01-10 09:42:51] laravel.ERROR: Class "Tymon\JWTAuth\Providers\JWT\Provider" not found {"exception":"[object] (Error(code: 0): Class \"Tymon\\JWTAuth\\Providers\\JWT\\Provider\" not found at D:\\vectre\\TLMIS\\config\\jwt.php:134)
[stacktrace]
#0 D:\\vectre\\TLMIS\\vendor\\laravel\\framework\\src\\Illuminate\\Foundation\\Bootstrap\\LoadConfiguration.php(96): require()
#1 D:\\vectre\\TLMIS\\vendor\\laravel\\framework\\src\\Illuminate\\Foundation\\Bootstrap\\LoadConfiguration.php(96): Illuminate\\Foundation\\Bootstrap\\LoadConfiguration->Illuminate\\Foundation\\Bootstrap\\{closure}()
#2 D:\\vectre\\TLMIS\\vendor\\laravel\\framework\\src\\Illuminate\\Foundation\\Bootstrap\\LoadConfiguration.php(77): Illuminate\\Foundation\\Bootstrap\\LoadConfiguration->loadConfigurationFile()
#3 D:\\vectre\\TLMIS\\vendor\\laravel\\framework\\src\\Illuminate\\Foundation\\Bootstrap\\LoadConfiguration.php(38): Illuminate\\Foundation\\Bootstrap\\LoadConfiguration->loadConfigurationFiles()
#4 D:\\vectre\\TLMIS\\vendor\\laravel\\framework\\src\\Illuminate\\Foundation\\Application.php(316): Illuminate\\Foundation\\Bootstrap\\LoadConfiguration->bootstrap()
#5 D:\\vectre\\TLMIS\\vendor\\laravel\\framework\\src\\Illuminate\\Foundation\\Console\\Kernel.php(474): Illuminate\\Foundation\\Application->bootstrapWith()
#6 D:\\vectre\\TLMIS\\vendor\\laravel\\framework\\src\\Illuminate\\Foundation\\Console\\Kernel.php(196): Illuminate\\Foundation\\Console\\Kernel->bootstrap()
#7 Command line code(1): Illuminate\\Foundation\\Console\\Kernel->handle()
#8 {main}
"} 
[2025-01-10 09:42:51] laravel.ERROR: Class "Tymon\JWTAuth\Providers\JWT\Provider" not found {"exception":"[object] (Error(code: 0): Class \"Tymon\\JWTAuth\\Providers\\JWT\\Provider\" not found at D:\\vectre\\TLMIS\\config\\jwt.php:134)
[stacktrace]
#0 D:\\vectre\\TLMIS\\vendor\\laravel\\framework\\src\\Illuminate\\Foundation\\Bootstrap\\LoadConfiguration.php(96): require()
#1 D:\\vectre\\TLMIS\\vendor\\laravel\\framework\\src\\Illuminate\\Foundation\\Bootstrap\\LoadConfiguration.php(96): Illuminate\\Foundation\\Bootstrap\\LoadConfiguration->Illuminate\\Foundation\\Bootstrap\\{closure}()
#2 D:\\vectre\\TLMIS\\vendor\\laravel\\framework\\src\\Illuminate\\Foundation\\Bootstrap\\LoadConfiguration.php(77): Illuminate\\Foundation\\Bootstrap\\LoadConfiguration->loadConfigurationFile()
#3 D:\\vectre\\TLMIS\\vendor\\laravel\\framework\\src\\Illuminate\\Foundation\\Bootstrap\\LoadConfiguration.php(38): Illuminate\\Foundation\\Bootstrap\\LoadConfiguration->loadConfigurationFiles()
#4 D:\\vectre\\TLMIS\\vendor\\laravel\\framework\\src\\Illuminate\\Foundation\\Application.php(316): Illuminate\\Foundation\\Bootstrap\\LoadConfiguration->bootstrap()
#5 D:\\vectre\\TLMIS\\vendor\\laravel\\framework\\src\\Illuminate\\Foundation\\Console\\Kernel.php(474): Illuminate\\Foundation\\Application->bootstrapWith()
#6 D:\\vectre\\TLMIS\\vendor\\laravel\\framework\\src\\Illuminate\\Foundation\\Console\\Kernel.php(196): Illuminate\\Foundation\\Console\\Kernel->bootstrap()
#7 Command line code(1): Illuminate\\Foundation\\Console\\Kernel->handle()
#8 {main}
"} 
[2025-01-10 09:42:51] laravel.ERROR: Class "Tymon\JWTAuth\Providers\JWT\Provider" not found {"exception":"[object] (Error(code: 0): Class \"Tymon\\JWTAuth\\Providers\\JWT\\Provider\" not found at D:\\vectre\\TLMIS\\config\\jwt.php:134)
[stacktrace]
#0 D:\\vectre\\TLMIS\\vendor\\laravel\\framework\\src\\Illuminate\\Foundation\\Bootstrap\\LoadConfiguration.php(96): require()
#1 D:\\vectre\\TLMIS\\vendor\\laravel\\framework\\src\\Illuminate\\Foundation\\Bootstrap\\LoadConfiguration.php(96): Illuminate\\Foundation\\Bootstrap\\LoadConfiguration->Illuminate\\Foundation\\Bootstrap\\{closure}()
#2 D:\\vectre\\TLMIS\\vendor\\laravel\\framework\\src\\Illuminate\\Foundation\\Bootstrap\\LoadConfiguration.php(77): Illuminate\\Foundation\\Bootstrap\\LoadConfiguration->loadConfigurationFile()
#3 D:\\vectre\\TLMIS\\vendor\\laravel\\framework\\src\\Illuminate\\Foundation\\Bootstrap\\LoadConfiguration.php(38): Illuminate\\Foundation\\Bootstrap\\LoadConfiguration->loadConfigurationFiles()
#4 D:\\vectre\\TLMIS\\vendor\\laravel\\framework\\src\\Illuminate\\Foundation\\Application.php(316): Illuminate\\Foundation\\Bootstrap\\LoadConfiguration->bootstrap()
#5 D:\\vectre\\TLMIS\\vendor\\laravel\\framework\\src\\Illuminate\\Foundation\\Console\\Kernel.php(474): Illuminate\\Foundation\\Application->bootstrapWith()
#6 D:\\vectre\\TLMIS\\vendor\\laravel\\framework\\src\\Illuminate\\Foundation\\Console\\Kernel.php(196): Illuminate\\Foundation\\Console\\Kernel->bootstrap()
#7 Command line code(1): Illuminate\\Foundation\\Console\\Kernel->handle()
#8 {main}
"} 
[2025-01-10 09:43:05] laravel.EMERGENCY: Unable to create configured logger. Using emergency logger. {"exception":"[object] (InvalidArgumentException(code: 0): Log [] is not defined. at D:\\vectre\\TLMIS\\vendor\\laravel\\framework\\src\\Illuminate\\Log\\LogManager.php:232)
[stacktrace]
#0 D:\\vectre\\TLMIS\\vendor\\laravel\\framework\\src\\Illuminate\\Log\\LogManager.php(139): Illuminate\\Log\\LogManager->resolve()
#1 D:\\vectre\\TLMIS\\vendor\\laravel\\framework\\src\\Illuminate\\Log\\LogManager.php(126): Illuminate\\Log\\LogManager->get()
#2 D:\\vectre\\TLMIS\\vendor\\laravel\\framework\\src\\Illuminate\\Log\\LogManager.php(701): Illuminate\\Log\\LogManager->driver()
#3 D:\\vectre\\TLMIS\\vendor\\laravel\\framework\\src\\Illuminate\\Foundation\\Exceptions\\Handler.php(380): Illuminate\\Log\\LogManager->error()
#4 D:\\vectre\\TLMIS\\vendor\\laravel\\framework\\src\\Illuminate\\Foundation\\Exceptions\\Handler.php(343): Illuminate\\Foundation\\Exceptions\\Handler->reportThrowable()
#5 D:\\vectre\\TLMIS\\vendor\\laravel\\framework\\src\\Illuminate\\Foundation\\Http\\Kernel.php(563): Illuminate\\Foundation\\Exceptions\\Handler->report()
#6 D:\\vectre\\TLMIS\\vendor\\laravel\\framework\\src\\Illuminate\\Foundation\\Http\\Kernel.php(147): Illuminate\\Foundation\\Http\\Kernel->reportException()
#7 D:\\vectre\\TLMIS\\vendor\\laravel\\framework\\src\\Illuminate\\Foundation\\Application.php(1190): Illuminate\\Foundation\\Http\\Kernel->handle()
#8 D:\\vectre\\TLMIS\\public\\index.php(17): Illuminate\\Foundation\\Application->handleRequest()
#9 D:\\vectre\\TLMIS\\vendor\\laravel\\framework\\src\\Illuminate\\Foundation\\resources\\server.php(23): require_once('...')
#10 {main}
"} 
[2025-01-10 09:43:05] laravel.ERROR: Class "Tymon\JWTAuth\Providers\JWT\Provider" not found {"exception":"[object] (Error(code: 0): Class \"Tymon\\JWTAuth\\Providers\\JWT\\Provider\" not found at D:\\vectre\\TLMIS\\config\\jwt.php:134)
[stacktrace]
#0 D:\\vectre\\TLMIS\\vendor\\laravel\\framework\\src\\Illuminate\\Foundation\\Bootstrap\\LoadConfiguration.php(96): require()
#1 D:\\vectre\\TLMIS\\vendor\\laravel\\framework\\src\\Illuminate\\Foundation\\Bootstrap\\LoadConfiguration.php(96): Illuminate\\Foundation\\Bootstrap\\LoadConfiguration->Illuminate\\Foundation\\Bootstrap\\{closure}()
#2 D:\\vectre\\TLMIS\\vendor\\laravel\\framework\\src\\Illuminate\\Foundation\\Bootstrap\\LoadConfiguration.php(77): Illuminate\\Foundation\\Bootstrap\\LoadConfiguration->loadConfigurationFile()
#3 D:\\vectre\\TLMIS\\vendor\\laravel\\framework\\src\\Illuminate\\Foundation\\Bootstrap\\LoadConfiguration.php(38): Illuminate\\Foundation\\Bootstrap\\LoadConfiguration->loadConfigurationFiles()
#4 D:\\vectre\\TLMIS\\vendor\\laravel\\framework\\src\\Illuminate\\Foundation\\Application.php(316): Illuminate\\Foundation\\Bootstrap\\LoadConfiguration->bootstrap()
#5 D:\\vectre\\TLMIS\\vendor\\laravel\\framework\\src\\Illuminate\\Foundation\\Http\\Kernel.php(187): Illuminate\\Foundation\\Application->bootstrapWith()
#6 D:\\vectre\\TLMIS\\vendor\\laravel\\framework\\src\\Illuminate\\Foundation\\Http\\Kernel.php(171): Illuminate\\Foundation\\Http\\Kernel->bootstrap()
#7 D:\\vectre\\TLMIS\\vendor\\laravel\\framework\\src\\Illuminate\\Foundation\\Http\\Kernel.php(145): Illuminate\\Foundation\\Http\\Kernel->sendRequestThroughRouter()
#8 D:\\vectre\\TLMIS\\vendor\\laravel\\framework\\src\\Illuminate\\Foundation\\Application.php(1190): Illuminate\\Foundation\\Http\\Kernel->handle()
#9 D:\\vectre\\TLMIS\\public\\index.php(17): Illuminate\\Foundation\\Application->handleRequest()
#10 D:\\vectre\\TLMIS\\vendor\\laravel\\framework\\src\\Illuminate\\Foundation\\resources\\server.php(23): require_once('...')
#11 {main}
"} 
[2025-01-10 09:43:15] laravel.EMERGENCY: Unable to create configured logger. Using emergency logger. {"exception":"[object] (InvalidArgumentException(code: 0): Log [] is not defined. at D:\\vectre\\TLMIS\\vendor\\laravel\\framework\\src\\Illuminate\\Log\\LogManager.php:232)
[stacktrace]
#0 D:\\vectre\\TLMIS\\vendor\\laravel\\framework\\src\\Illuminate\\Log\\LogManager.php(139): Illuminate\\Log\\LogManager->resolve()
#1 D:\\vectre\\TLMIS\\vendor\\laravel\\framework\\src\\Illuminate\\Log\\LogManager.php(126): Illuminate\\Log\\LogManager->get()
#2 D:\\vectre\\TLMIS\\vendor\\laravel\\framework\\src\\Illuminate\\Log\\LogManager.php(701): Illuminate\\Log\\LogManager->driver()
#3 D:\\vectre\\TLMIS\\vendor\\laravel\\framework\\src\\Illuminate\\Foundation\\Exceptions\\Handler.php(380): Illuminate\\Log\\LogManager->error()
#4 D:\\vectre\\TLMIS\\vendor\\laravel\\framework\\src\\Illuminate\\Foundation\\Exceptions\\Handler.php(343): Illuminate\\Foundation\\Exceptions\\Handler->reportThrowable()
#5 D:\\vectre\\TLMIS\\vendor\\laravel\\framework\\src\\Illuminate\\Foundation\\Http\\Kernel.php(563): Illuminate\\Foundation\\Exceptions\\Handler->report()
#6 D:\\vectre\\TLMIS\\vendor\\laravel\\framework\\src\\Illuminate\\Foundation\\Http\\Kernel.php(147): Illuminate\\Foundation\\Http\\Kernel->reportException()
#7 D:\\vectre\\TLMIS\\vendor\\laravel\\framework\\src\\Illuminate\\Foundation\\Application.php(1190): Illuminate\\Foundation\\Http\\Kernel->handle()
#8 D:\\vectre\\TLMIS\\public\\index.php(17): Illuminate\\Foundation\\Application->handleRequest()
#9 D:\\vectre\\TLMIS\\vendor\\laravel\\framework\\src\\Illuminate\\Foundation\\resources\\server.php(23): require_once('...')
#10 {main}
"} 
[2025-01-10 09:43:15] laravel.ERROR: Class "Tymon\JWTAuth\Providers\JWT\Provider" not found {"exception":"[object] (Error(code: 0): Class \"Tymon\\JWTAuth\\Providers\\JWT\\Provider\" not found at D:\\vectre\\TLMIS\\config\\jwt.php:134)
[stacktrace]
#0 D:\\vectre\\TLMIS\\vendor\\laravel\\framework\\src\\Illuminate\\Foundation\\Bootstrap\\LoadConfiguration.php(96): require()
#1 D:\\vectre\\TLMIS\\vendor\\laravel\\framework\\src\\Illuminate\\Foundation\\Bootstrap\\LoadConfiguration.php(96): Illuminate\\Foundation\\Bootstrap\\LoadConfiguration->Illuminate\\Foundation\\Bootstrap\\{closure}()
#2 D:\\vectre\\TLMIS\\vendor\\laravel\\framework\\src\\Illuminate\\Foundation\\Bootstrap\\LoadConfiguration.php(77): Illuminate\\Foundation\\Bootstrap\\LoadConfiguration->loadConfigurationFile()
#3 D:\\vectre\\TLMIS\\vendor\\laravel\\framework\\src\\Illuminate\\Foundation\\Bootstrap\\LoadConfiguration.php(38): Illuminate\\Foundation\\Bootstrap\\LoadConfiguration->loadConfigurationFiles()
#4 D:\\vectre\\TLMIS\\vendor\\laravel\\framework\\src\\Illuminate\\Foundation\\Application.php(316): Illuminate\\Foundation\\Bootstrap\\LoadConfiguration->bootstrap()
#5 D:\\vectre\\TLMIS\\vendor\\laravel\\framework\\src\\Illuminate\\Foundation\\Http\\Kernel.php(187): Illuminate\\Foundation\\Application->bootstrapWith()
#6 D:\\vectre\\TLMIS\\vendor\\laravel\\framework\\src\\Illuminate\\Foundation\\Http\\Kernel.php(171): Illuminate\\Foundation\\Http\\Kernel->bootstrap()
#7 D:\\vectre\\TLMIS\\vendor\\laravel\\framework\\src\\Illuminate\\Foundation\\Http\\Kernel.php(145): Illuminate\\Foundation\\Http\\Kernel->sendRequestThroughRouter()
#8 D:\\vectre\\TLMIS\\vendor\\laravel\\framework\\src\\Illuminate\\Foundation\\Application.php(1190): Illuminate\\Foundation\\Http\\Kernel->handle()
#9 D:\\vectre\\TLMIS\\public\\index.php(17): Illuminate\\Foundation\\Application->handleRequest()
#10 D:\\vectre\\TLMIS\\vendor\\laravel\\framework\\src\\Illuminate\\Foundation\\resources\\server.php(23): require_once('...')
#11 {main}
"} 
[2025-01-10 09:43:24] laravel.EMERGENCY: Unable to create configured logger. Using emergency logger. {"exception":"[object] (InvalidArgumentException(code: 0): Log [] is not defined. at D:\\vectre\\TLMIS\\vendor\\laravel\\framework\\src\\Illuminate\\Log\\LogManager.php:232)
[stacktrace]
#0 D:\\vectre\\TLMIS\\vendor\\laravel\\framework\\src\\Illuminate\\Log\\LogManager.php(139): Illuminate\\Log\\LogManager->resolve()
#1 D:\\vectre\\TLMIS\\vendor\\laravel\\framework\\src\\Illuminate\\Log\\LogManager.php(126): Illuminate\\Log\\LogManager->get()
#2 D:\\vectre\\TLMIS\\vendor\\laravel\\framework\\src\\Illuminate\\Log\\LogManager.php(701): Illuminate\\Log\\LogManager->driver()
#3 D:\\vectre\\TLMIS\\vendor\\laravel\\framework\\src\\Illuminate\\Foundation\\Exceptions\\Handler.php(380): Illuminate\\Log\\LogManager->error()
#4 D:\\vectre\\TLMIS\\vendor\\laravel\\framework\\src\\Illuminate\\Foundation\\Exceptions\\Handler.php(343): Illuminate\\Foundation\\Exceptions\\Handler->reportThrowable()
#5 D:\\vectre\\TLMIS\\vendor\\laravel\\framework\\src\\Illuminate\\Foundation\\Console\\Kernel.php(621): Illuminate\\Foundation\\Exceptions\\Handler->report()
#6 D:\\vectre\\TLMIS\\vendor\\laravel\\framework\\src\\Illuminate\\Foundation\\Console\\Kernel.php(200): Illuminate\\Foundation\\Console\\Kernel->reportException()
#7 Command line code(1): Illuminate\\Foundation\\Console\\Kernel->handle()
#8 {main}
"} 
[2025-01-10 09:43:24] laravel.ERROR: Class "Tymon\JWTAuth\Providers\JWT\Provider" not found {"exception":"[object] (Error(code: 0): Class \"Tymon\\JWTAuth\\Providers\\JWT\\Provider\" not found at D:\\vectre\\TLMIS\\config\\jwt.php:134)
[stacktrace]
#0 D:\\vectre\\TLMIS\\vendor\\laravel\\framework\\src\\Illuminate\\Foundation\\Bootstrap\\LoadConfiguration.php(96): require()
#1 D:\\vectre\\TLMIS\\vendor\\laravel\\framework\\src\\Illuminate\\Foundation\\Bootstrap\\LoadConfiguration.php(96): Illuminate\\Foundation\\Bootstrap\\LoadConfiguration->Illuminate\\Foundation\\Bootstrap\\{closure}()
#2 D:\\vectre\\TLMIS\\vendor\\laravel\\framework\\src\\Illuminate\\Foundation\\Bootstrap\\LoadConfiguration.php(77): Illuminate\\Foundation\\Bootstrap\\LoadConfiguration->loadConfigurationFile()
#3 D:\\vectre\\TLMIS\\vendor\\laravel\\framework\\src\\Illuminate\\Foundation\\Bootstrap\\LoadConfiguration.php(38): Illuminate\\Foundation\\Bootstrap\\LoadConfiguration->loadConfigurationFiles()
#4 D:\\vectre\\TLMIS\\vendor\\laravel\\framework\\src\\Illuminate\\Foundation\\Application.php(316): Illuminate\\Foundation\\Bootstrap\\LoadConfiguration->bootstrap()
#5 D:\\vectre\\TLMIS\\vendor\\laravel\\framework\\src\\Illuminate\\Foundation\\Console\\Kernel.php(474): Illuminate\\Foundation\\Application->bootstrapWith()
#6 D:\\vectre\\TLMIS\\vendor\\laravel\\framework\\src\\Illuminate\\Foundation\\Console\\Kernel.php(196): Illuminate\\Foundation\\Console\\Kernel->bootstrap()
#7 Command line code(1): Illuminate\\Foundation\\Console\\Kernel->handle()
#8 {main}
"} 
[2025-01-10 09:43:24] laravel.EMERGENCY: Unable to create configured logger. Using emergency logger. {"exception":"[object] (InvalidArgumentException(code: 0): Log [] is not defined. at D:\\vectre\\TLMIS\\vendor\\laravel\\framework\\src\\Illuminate\\Log\\LogManager.php:232)
[stacktrace]
#0 D:\\vectre\\TLMIS\\vendor\\laravel\\framework\\src\\Illuminate\\Log\\LogManager.php(139): Illuminate\\Log\\LogManager->resolve()
#1 D:\\vectre\\TLMIS\\vendor\\laravel\\framework\\src\\Illuminate\\Log\\LogManager.php(126): Illuminate\\Log\\LogManager->get()
#2 D:\\vectre\\TLMIS\\vendor\\laravel\\framework\\src\\Illuminate\\Log\\LogManager.php(701): Illuminate\\Log\\LogManager->driver()
#3 D:\\vectre\\TLMIS\\vendor\\laravel\\framework\\src\\Illuminate\\Foundation\\Exceptions\\Handler.php(380): Illuminate\\Log\\LogManager->error()
#4 D:\\vectre\\TLMIS\\vendor\\laravel\\framework\\src\\Illuminate\\Foundation\\Exceptions\\Handler.php(343): Illuminate\\Foundation\\Exceptions\\Handler->reportThrowable()
#5 D:\\vectre\\TLMIS\\vendor\\laravel\\framework\\src\\Illuminate\\Foundation\\Console\\Kernel.php(621): Illuminate\\Foundation\\Exceptions\\Handler->report()
#6 D:\\vectre\\TLMIS\\vendor\\laravel\\framework\\src\\Illuminate\\Foundation\\Console\\Kernel.php(200): Illuminate\\Foundation\\Console\\Kernel->reportException()
#7 Command line code(1): Illuminate\\Foundation\\Console\\Kernel->handle()
#8 {main}
"} 
[2025-01-10 09:43:24] laravel.ERROR: Class "Tymon\JWTAuth\Providers\JWT\Provider" not found {"exception":"[object] (Error(code: 0): Class \"Tymon\\JWTAuth\\Providers\\JWT\\Provider\" not found at D:\\vectre\\TLMIS\\config\\jwt.php:134)
[stacktrace]
#0 D:\\vectre\\TLMIS\\vendor\\laravel\\framework\\src\\Illuminate\\Foundation\\Bootstrap\\LoadConfiguration.php(96): require()
#1 D:\\vectre\\TLMIS\\vendor\\laravel\\framework\\src\\Illuminate\\Foundation\\Bootstrap\\LoadConfiguration.php(96): Illuminate\\Foundation\\Bootstrap\\LoadConfiguration->Illuminate\\Foundation\\Bootstrap\\{closure}()
#2 D:\\vectre\\TLMIS\\vendor\\laravel\\framework\\src\\Illuminate\\Foundation\\Bootstrap\\LoadConfiguration.php(77): Illuminate\\Foundation\\Bootstrap\\LoadConfiguration->loadConfigurationFile()
#3 D:\\vectre\\TLMIS\\vendor\\laravel\\framework\\src\\Illuminate\\Foundation\\Bootstrap\\LoadConfiguration.php(38): Illuminate\\Foundation\\Bootstrap\\LoadConfiguration->loadConfigurationFiles()
#4 D:\\vectre\\TLMIS\\vendor\\laravel\\framework\\src\\Illuminate\\Foundation\\Application.php(316): Illuminate\\Foundation\\Bootstrap\\LoadConfiguration->bootstrap()
#5 D:\\vectre\\TLMIS\\vendor\\laravel\\framework\\src\\Illuminate\\Foundation\\Console\\Kernel.php(474): Illuminate\\Foundation\\Application->bootstrapWith()
#6 D:\\vectre\\TLMIS\\vendor\\laravel\\framework\\src\\Illuminate\\Foundation\\Console\\Kernel.php(196): Illuminate\\Foundation\\Console\\Kernel->bootstrap()
#7 Command line code(1): Illuminate\\Foundation\\Console\\Kernel->handle()
#8 {main}
"} 
[2025-01-10 09:43:41] laravel.EMERGENCY: Unable to create configured logger. Using emergency logger. {"exception":"[object] (InvalidArgumentException(code: 0): Log [] is not defined. at D:\\vectre\\TLMIS\\vendor\\laravel\\framework\\src\\Illuminate\\Log\\LogManager.php:232)
[stacktrace]
#0 D:\\vectre\\TLMIS\\vendor\\laravel\\framework\\src\\Illuminate\\Log\\LogManager.php(139): Illuminate\\Log\\LogManager->resolve()
#1 D:\\vectre\\TLMIS\\vendor\\laravel\\framework\\src\\Illuminate\\Log\\LogManager.php(126): Illuminate\\Log\\LogManager->get()
#2 D:\\vectre\\TLMIS\\vendor\\laravel\\framework\\src\\Illuminate\\Log\\LogManager.php(701): Illuminate\\Log\\LogManager->driver()
#3 D:\\vectre\\TLMIS\\vendor\\laravel\\framework\\src\\Illuminate\\Foundation\\Exceptions\\Handler.php(380): Illuminate\\Log\\LogManager->error()
#4 D:\\vectre\\TLMIS\\vendor\\laravel\\framework\\src\\Illuminate\\Foundation\\Exceptions\\Handler.php(343): Illuminate\\Foundation\\Exceptions\\Handler->reportThrowable()
#5 D:\\vectre\\TLMIS\\vendor\\laravel\\framework\\src\\Illuminate\\Foundation\\Http\\Kernel.php(563): Illuminate\\Foundation\\Exceptions\\Handler->report()
#6 D:\\vectre\\TLMIS\\vendor\\laravel\\framework\\src\\Illuminate\\Foundation\\Http\\Kernel.php(147): Illuminate\\Foundation\\Http\\Kernel->reportException()
#7 D:\\vectre\\TLMIS\\vendor\\laravel\\framework\\src\\Illuminate\\Foundation\\Application.php(1190): Illuminate\\Foundation\\Http\\Kernel->handle()
#8 D:\\vectre\\TLMIS\\public\\index.php(17): Illuminate\\Foundation\\Application->handleRequest()
#9 D:\\vectre\\TLMIS\\vendor\\laravel\\framework\\src\\Illuminate\\Foundation\\resources\\server.php(23): require_once('...')
#10 {main}
"} 
[2025-01-10 09:43:41] laravel.ERROR: Class "Tymon\JWTAuth\Providers\JWT\Provider" not found {"exception":"[object] (Error(code: 0): Class \"Tymon\\JWTAuth\\Providers\\JWT\\Provider\" not found at D:\\vectre\\TLMIS\\config\\jwt.php:134)
[stacktrace]
#0 D:\\vectre\\TLMIS\\vendor\\laravel\\framework\\src\\Illuminate\\Foundation\\Bootstrap\\LoadConfiguration.php(96): require()
#1 D:\\vectre\\TLMIS\\vendor\\laravel\\framework\\src\\Illuminate\\Foundation\\Bootstrap\\LoadConfiguration.php(96): Illuminate\\Foundation\\Bootstrap\\LoadConfiguration->Illuminate\\Foundation\\Bootstrap\\{closure}()
#2 D:\\vectre\\TLMIS\\vendor\\laravel\\framework\\src\\Illuminate\\Foundation\\Bootstrap\\LoadConfiguration.php(77): Illuminate\\Foundation\\Bootstrap\\LoadConfiguration->loadConfigurationFile()
#3 D:\\vectre\\TLMIS\\vendor\\laravel\\framework\\src\\Illuminate\\Foundation\\Bootstrap\\LoadConfiguration.php(38): Illuminate\\Foundation\\Bootstrap\\LoadConfiguration->loadConfigurationFiles()
#4 D:\\vectre\\TLMIS\\vendor\\laravel\\framework\\src\\Illuminate\\Foundation\\Application.php(316): Illuminate\\Foundation\\Bootstrap\\LoadConfiguration->bootstrap()
#5 D:\\vectre\\TLMIS\\vendor\\laravel\\framework\\src\\Illuminate\\Foundation\\Http\\Kernel.php(187): Illuminate\\Foundation\\Application->bootstrapWith()
#6 D:\\vectre\\TLMIS\\vendor\\laravel\\framework\\src\\Illuminate\\Foundation\\Http\\Kernel.php(171): Illuminate\\Foundation\\Http\\Kernel->bootstrap()
#7 D:\\vectre\\TLMIS\\vendor\\laravel\\framework\\src\\Illuminate\\Foundation\\Http\\Kernel.php(145): Illuminate\\Foundation\\Http\\Kernel->sendRequestThroughRouter()
#8 D:\\vectre\\TLMIS\\vendor\\laravel\\framework\\src\\Illuminate\\Foundation\\Application.php(1190): Illuminate\\Foundation\\Http\\Kernel->handle()
#9 D:\\vectre\\TLMIS\\public\\index.php(17): Illuminate\\Foundation\\Application->handleRequest()
#10 D:\\vectre\\TLMIS\\vendor\\laravel\\framework\\src\\Illuminate\\Foundation\\resources\\server.php(23): require_once('...')
#11 {main}
"} 
[2025-01-10 09:44:24] laravel.EMERGENCY: Unable to create configured logger. Using emergency logger. {"exception":"[object] (InvalidArgumentException(code: 0): Log [] is not defined. at D:\\vectre\\TLMIS\\vendor\\laravel\\framework\\src\\Illuminate\\Log\\LogManager.php:232)
[stacktrace]
#0 D:\\vectre\\TLMIS\\vendor\\laravel\\framework\\src\\Illuminate\\Log\\LogManager.php(139): Illuminate\\Log\\LogManager->resolve()
#1 D:\\vectre\\TLMIS\\vendor\\laravel\\framework\\src\\Illuminate\\Log\\LogManager.php(126): Illuminate\\Log\\LogManager->get()
#2 D:\\vectre\\TLMIS\\vendor\\laravel\\framework\\src\\Illuminate\\Log\\LogManager.php(701): Illuminate\\Log\\LogManager->driver()
#3 D:\\vectre\\TLMIS\\vendor\\laravel\\framework\\src\\Illuminate\\Foundation\\Exceptions\\Handler.php(380): Illuminate\\Log\\LogManager->error()
#4 D:\\vectre\\TLMIS\\vendor\\laravel\\framework\\src\\Illuminate\\Foundation\\Exceptions\\Handler.php(343): Illuminate\\Foundation\\Exceptions\\Handler->reportThrowable()
#5 D:\\vectre\\TLMIS\\vendor\\laravel\\framework\\src\\Illuminate\\Foundation\\Console\\Kernel.php(621): Illuminate\\Foundation\\Exceptions\\Handler->report()
#6 D:\\vectre\\TLMIS\\vendor\\laravel\\framework\\src\\Illuminate\\Foundation\\Console\\Kernel.php(200): Illuminate\\Foundation\\Console\\Kernel->reportException()
#7 Command line code(1): Illuminate\\Foundation\\Console\\Kernel->handle()
#8 {main}
"} 
[2025-01-10 09:44:24] laravel.ERROR: Class "Tymon\JWTAuth\Providers\JWT\Provider" not found {"exception":"[object] (Error(code: 0): Class \"Tymon\\JWTAuth\\Providers\\JWT\\Provider\" not found at D:\\vectre\\TLMIS\\config\\jwt.php:134)
[stacktrace]
#0 D:\\vectre\\TLMIS\\vendor\\laravel\\framework\\src\\Illuminate\\Foundation\\Bootstrap\\LoadConfiguration.php(96): require()
#1 D:\\vectre\\TLMIS\\vendor\\laravel\\framework\\src\\Illuminate\\Foundation\\Bootstrap\\LoadConfiguration.php(96): Illuminate\\Foundation\\Bootstrap\\LoadConfiguration->Illuminate\\Foundation\\Bootstrap\\{closure}()
#2 D:\\vectre\\TLMIS\\vendor\\laravel\\framework\\src\\Illuminate\\Foundation\\Bootstrap\\LoadConfiguration.php(77): Illuminate\\Foundation\\Bootstrap\\LoadConfiguration->loadConfigurationFile()
#3 D:\\vectre\\TLMIS\\vendor\\laravel\\framework\\src\\Illuminate\\Foundation\\Bootstrap\\LoadConfiguration.php(38): Illuminate\\Foundation\\Bootstrap\\LoadConfiguration->loadConfigurationFiles()
#4 D:\\vectre\\TLMIS\\vendor\\laravel\\framework\\src\\Illuminate\\Foundation\\Application.php(316): Illuminate\\Foundation\\Bootstrap\\LoadConfiguration->bootstrap()
#5 D:\\vectre\\TLMIS\\vendor\\laravel\\framework\\src\\Illuminate\\Foundation\\Console\\Kernel.php(474): Illuminate\\Foundation\\Application->bootstrapWith()
#6 D:\\vectre\\TLMIS\\vendor\\laravel\\framework\\src\\Illuminate\\Foundation\\Console\\Kernel.php(196): Illuminate\\Foundation\\Console\\Kernel->bootstrap()
#7 Command line code(1): Illuminate\\Foundation\\Console\\Kernel->handle()
#8 {main}
"} 
[2025-01-10 09:45:24] laravel.EMERGENCY: Unable to create configured logger. Using emergency logger. {"exception":"[object] (InvalidArgumentException(code: 0): Log [] is not defined. at D:\\vectre\\TLMIS\\vendor\\laravel\\framework\\src\\Illuminate\\Log\\LogManager.php:232)
[stacktrace]
#0 D:\\vectre\\TLMIS\\vendor\\laravel\\framework\\src\\Illuminate\\Log\\LogManager.php(139): Illuminate\\Log\\LogManager->resolve()
#1 D:\\vectre\\TLMIS\\vendor\\laravel\\framework\\src\\Illuminate\\Log\\LogManager.php(126): Illuminate\\Log\\LogManager->get()
#2 D:\\vectre\\TLMIS\\vendor\\laravel\\framework\\src\\Illuminate\\Log\\LogManager.php(701): Illuminate\\Log\\LogManager->driver()
#3 D:\\vectre\\TLMIS\\vendor\\laravel\\framework\\src\\Illuminate\\Foundation\\Exceptions\\Handler.php(380): Illuminate\\Log\\LogManager->error()
#4 D:\\vectre\\TLMIS\\vendor\\laravel\\framework\\src\\Illuminate\\Foundation\\Exceptions\\Handler.php(343): Illuminate\\Foundation\\Exceptions\\Handler->reportThrowable()
#5 D:\\vectre\\TLMIS\\vendor\\laravel\\framework\\src\\Illuminate\\Foundation\\Console\\Kernel.php(621): Illuminate\\Foundation\\Exceptions\\Handler->report()
#6 D:\\vectre\\TLMIS\\vendor\\laravel\\framework\\src\\Illuminate\\Foundation\\Console\\Kernel.php(200): Illuminate\\Foundation\\Console\\Kernel->reportException()
#7 Command line code(1): Illuminate\\Foundation\\Console\\Kernel->handle()
#8 {main}
"} 
[2025-01-10 09:45:24] laravel.ERROR: Class "Tymon\JWTAuth\Providers\JWT\Provider" not found {"exception":"[object] (Error(code: 0): Class \"Tymon\\JWTAuth\\Providers\\JWT\\Provider\" not found at D:\\vectre\\TLMIS\\config\\jwt.php:134)
[stacktrace]
#0 D:\\vectre\\TLMIS\\vendor\\laravel\\framework\\src\\Illuminate\\Foundation\\Bootstrap\\LoadConfiguration.php(96): require()
#1 D:\\vectre\\TLMIS\\vendor\\laravel\\framework\\src\\Illuminate\\Foundation\\Bootstrap\\LoadConfiguration.php(96): Illuminate\\Foundation\\Bootstrap\\LoadConfiguration->Illuminate\\Foundation\\Bootstrap\\{closure}()
#2 D:\\vectre\\TLMIS\\vendor\\laravel\\framework\\src\\Illuminate\\Foundation\\Bootstrap\\LoadConfiguration.php(77): Illuminate\\Foundation\\Bootstrap\\LoadConfiguration->loadConfigurationFile()
#3 D:\\vectre\\TLMIS\\vendor\\laravel\\framework\\src\\Illuminate\\Foundation\\Bootstrap\\LoadConfiguration.php(38): Illuminate\\Foundation\\Bootstrap\\LoadConfiguration->loadConfigurationFiles()
#4 D:\\vectre\\TLMIS\\vendor\\laravel\\framework\\src\\Illuminate\\Foundation\\Application.php(316): Illuminate\\Foundation\\Bootstrap\\LoadConfiguration->bootstrap()
#5 D:\\vectre\\TLMIS\\vendor\\laravel\\framework\\src\\Illuminate\\Foundation\\Console\\Kernel.php(474): Illuminate\\Foundation\\Application->bootstrapWith()
#6 D:\\vectre\\TLMIS\\vendor\\laravel\\framework\\src\\Illuminate\\Foundation\\Console\\Kernel.php(196): Illuminate\\Foundation\\Console\\Kernel->bootstrap()
#7 Command line code(1): Illuminate\\Foundation\\Console\\Kernel->handle()
#8 {main}
"} 
[2025-01-10 09:46:24] laravel.EMERGENCY: Unable to create configured logger. Using emergency logger. {"exception":"[object] (InvalidArgumentException(code: 0): Log [] is not defined. at D:\\vectre\\TLMIS\\vendor\\laravel\\framework\\src\\Illuminate\\Log\\LogManager.php:232)
[stacktrace]
#0 D:\\vectre\\TLMIS\\vendor\\laravel\\framework\\src\\Illuminate\\Log\\LogManager.php(139): Illuminate\\Log\\LogManager->resolve()
#1 D:\\vectre\\TLMIS\\vendor\\laravel\\framework\\src\\Illuminate\\Log\\LogManager.php(126): Illuminate\\Log\\LogManager->get()
#2 D:\\vectre\\TLMIS\\vendor\\laravel\\framework\\src\\Illuminate\\Log\\LogManager.php(701): Illuminate\\Log\\LogManager->driver()
#3 D:\\vectre\\TLMIS\\vendor\\laravel\\framework\\src\\Illuminate\\Foundation\\Exceptions\\Handler.php(380): Illuminate\\Log\\LogManager->error()
#4 D:\\vectre\\TLMIS\\vendor\\laravel\\framework\\src\\Illuminate\\Foundation\\Exceptions\\Handler.php(343): Illuminate\\Foundation\\Exceptions\\Handler->reportThrowable()
#5 D:\\vectre\\TLMIS\\vendor\\laravel\\framework\\src\\Illuminate\\Foundation\\Console\\Kernel.php(621): Illuminate\\Foundation\\Exceptions\\Handler->report()
#6 D:\\vectre\\TLMIS\\vendor\\laravel\\framework\\src\\Illuminate\\Foundation\\Console\\Kernel.php(200): Illuminate\\Foundation\\Console\\Kernel->reportException()
#7 Command line code(1): Illuminate\\Foundation\\Console\\Kernel->handle()
#8 {main}
"} 
[2025-01-10 09:46:24] laravel.ERROR: Class "Tymon\JWTAuth\Providers\JWT\Provider" not found {"exception":"[object] (Error(code: 0): Class \"Tymon\\JWTAuth\\Providers\\JWT\\Provider\" not found at D:\\vectre\\TLMIS\\config\\jwt.php:134)
[stacktrace]
#0 D:\\vectre\\TLMIS\\vendor\\laravel\\framework\\src\\Illuminate\\Foundation\\Bootstrap\\LoadConfiguration.php(96): require()
#1 D:\\vectre\\TLMIS\\vendor\\laravel\\framework\\src\\Illuminate\\Foundation\\Bootstrap\\LoadConfiguration.php(96): Illuminate\\Foundation\\Bootstrap\\LoadConfiguration->Illuminate\\Foundation\\Bootstrap\\{closure}()
#2 D:\\vectre\\TLMIS\\vendor\\laravel\\framework\\src\\Illuminate\\Foundation\\Bootstrap\\LoadConfiguration.php(77): Illuminate\\Foundation\\Bootstrap\\LoadConfiguration->loadConfigurationFile()
#3 D:\\vectre\\TLMIS\\vendor\\laravel\\framework\\src\\Illuminate\\Foundation\\Bootstrap\\LoadConfiguration.php(38): Illuminate\\Foundation\\Bootstrap\\LoadConfiguration->loadConfigurationFiles()
#4 D:\\vectre\\TLMIS\\vendor\\laravel\\framework\\src\\Illuminate\\Foundation\\Application.php(316): Illuminate\\Foundation\\Bootstrap\\LoadConfiguration->bootstrap()
#5 D:\\vectre\\TLMIS\\vendor\\laravel\\framework\\src\\Illuminate\\Foundation\\Console\\Kernel.php(474): Illuminate\\Foundation\\Application->bootstrapWith()
#6 D:\\vectre\\TLMIS\\vendor\\laravel\\framework\\src\\Illuminate\\Foundation\\Console\\Kernel.php(196): Illuminate\\Foundation\\Console\\Kernel->bootstrap()
#7 Command line code(1): Illuminate\\Foundation\\Console\\Kernel->handle()
#8 {main}
"} 
[2025-01-10 09:46:24] laravel.ERROR: Class "Tymon\JWTAuth\Providers\JWT\Provider" not found {"exception":"[object] (Error(code: 0): Class \"Tymon\\JWTAuth\\Providers\\JWT\\Provider\" not found at D:\\vectre\\TLMIS\\config\\jwt.php:134)
[stacktrace]
#0 D:\\vectre\\TLMIS\\vendor\\laravel\\framework\\src\\Illuminate\\Foundation\\Bootstrap\\LoadConfiguration.php(96): require()
#1 D:\\vectre\\TLMIS\\vendor\\laravel\\framework\\src\\Illuminate\\Foundation\\Bootstrap\\LoadConfiguration.php(96): Illuminate\\Foundation\\Bootstrap\\LoadConfiguration->Illuminate\\Foundation\\Bootstrap\\{closure}()
#2 D:\\vectre\\TLMIS\\vendor\\laravel\\framework\\src\\Illuminate\\Foundation\\Bootstrap\\LoadConfiguration.php(77): Illuminate\\Foundation\\Bootstrap\\LoadConfiguration->loadConfigurationFile()
#3 D:\\vectre\\TLMIS\\vendor\\laravel\\framework\\src\\Illuminate\\Foundation\\Bootstrap\\LoadConfiguration.php(38): Illuminate\\Foundation\\Bootstrap\\LoadConfiguration->loadConfigurationFiles()
#4 D:\\vectre\\TLMIS\\vendor\\laravel\\framework\\src\\Illuminate\\Foundation\\Application.php(316): Illuminate\\Foundation\\Bootstrap\\LoadConfiguration->bootstrap()
#5 D:\\vectre\\TLMIS\\vendor\\laravel\\framework\\src\\Illuminate\\Foundation\\Console\\Kernel.php(474): Illuminate\\Foundation\\Application->bootstrapWith()
#6 D:\\vectre\\TLMIS\\vendor\\laravel\\framework\\src\\Illuminate\\Foundation\\Console\\Kernel.php(196): Illuminate\\Foundation\\Console\\Kernel->bootstrap()
#7 Command line code(1): Illuminate\\Foundation\\Console\\Kernel->handle()
#8 {main}
"} 
[2025-01-10 09:47:24] laravel.EMERGENCY: Unable to create configured logger. Using emergency logger. {"exception":"[object] (InvalidArgumentException(code: 0): Log [] is not defined. at D:\\vectre\\TLMIS\\vendor\\laravel\\framework\\src\\Illuminate\\Log\\LogManager.php:232)
[stacktrace]
#0 D:\\vectre\\TLMIS\\vendor\\laravel\\framework\\src\\Illuminate\\Log\\LogManager.php(139): Illuminate\\Log\\LogManager->resolve()
#1 D:\\vectre\\TLMIS\\vendor\\laravel\\framework\\src\\Illuminate\\Log\\LogManager.php(126): Illuminate\\Log\\LogManager->get()
#2 D:\\vectre\\TLMIS\\vendor\\laravel\\framework\\src\\Illuminate\\Log\\LogManager.php(701): Illuminate\\Log\\LogManager->driver()
#3 D:\\vectre\\TLMIS\\vendor\\laravel\\framework\\src\\Illuminate\\Foundation\\Exceptions\\Handler.php(380): Illuminate\\Log\\LogManager->error()
#4 D:\\vectre\\TLMIS\\vendor\\laravel\\framework\\src\\Illuminate\\Foundation\\Exceptions\\Handler.php(343): Illuminate\\Foundation\\Exceptions\\Handler->reportThrowable()
#5 D:\\vectre\\TLMIS\\vendor\\laravel\\framework\\src\\Illuminate\\Foundation\\Console\\Kernel.php(621): Illuminate\\Foundation\\Exceptions\\Handler->report()
#6 D:\\vectre\\TLMIS\\vendor\\laravel\\framework\\src\\Illuminate\\Foundation\\Console\\Kernel.php(200): Illuminate\\Foundation\\Console\\Kernel->reportException()
#7 Command line code(1): Illuminate\\Foundation\\Console\\Kernel->handle()
#8 {main}
"} 
[2025-01-10 09:47:24] laravel.ERROR: Class "Tymon\JWTAuth\Providers\JWT\Provider" not found {"exception":"[object] (Error(code: 0): Class \"Tymon\\JWTAuth\\Providers\\JWT\\Provider\" not found at D:\\vectre\\TLMIS\\config\\jwt.php:134)
[stacktrace]
#0 D:\\vectre\\TLMIS\\vendor\\laravel\\framework\\src\\Illuminate\\Foundation\\Bootstrap\\LoadConfiguration.php(96): require()
#1 D:\\vectre\\TLMIS\\vendor\\laravel\\framework\\src\\Illuminate\\Foundation\\Bootstrap\\LoadConfiguration.php(96): Illuminate\\Foundation\\Bootstrap\\LoadConfiguration->Illuminate\\Foundation\\Bootstrap\\{closure}()
#2 D:\\vectre\\TLMIS\\vendor\\laravel\\framework\\src\\Illuminate\\Foundation\\Bootstrap\\LoadConfiguration.php(77): Illuminate\\Foundation\\Bootstrap\\LoadConfiguration->loadConfigurationFile()
#3 D:\\vectre\\TLMIS\\vendor\\laravel\\framework\\src\\Illuminate\\Foundation\\Bootstrap\\LoadConfiguration.php(38): Illuminate\\Foundation\\Bootstrap\\LoadConfiguration->loadConfigurationFiles()
#4 D:\\vectre\\TLMIS\\vendor\\laravel\\framework\\src\\Illuminate\\Foundation\\Application.php(316): Illuminate\\Foundation\\Bootstrap\\LoadConfiguration->bootstrap()
#5 D:\\vectre\\TLMIS\\vendor\\laravel\\framework\\src\\Illuminate\\Foundation\\Console\\Kernel.php(474): Illuminate\\Foundation\\Application->bootstrapWith()
#6 D:\\vectre\\TLMIS\\vendor\\laravel\\framework\\src\\Illuminate\\Foundation\\Console\\Kernel.php(196): Illuminate\\Foundation\\Console\\Kernel->bootstrap()
#7 Command line code(1): Illuminate\\Foundation\\Console\\Kernel->handle()
#8 {main}
"} 
[2025-01-10 09:47:24] laravel.EMERGENCY: Unable to create configured logger. Using emergency logger. {"exception":"[object] (InvalidArgumentException(code: 0): Log [] is not defined. at D:\\vectre\\TLMIS\\vendor\\laravel\\framework\\src\\Illuminate\\Log\\LogManager.php:232)
[stacktrace]
#0 D:\\vectre\\TLMIS\\vendor\\laravel\\framework\\src\\Illuminate\\Log\\LogManager.php(139): Illuminate\\Log\\LogManager->resolve()
#1 D:\\vectre\\TLMIS\\vendor\\laravel\\framework\\src\\Illuminate\\Log\\LogManager.php(126): Illuminate\\Log\\LogManager->get()
#2 D:\\vectre\\TLMIS\\vendor\\laravel\\framework\\src\\Illuminate\\Log\\LogManager.php(701): Illuminate\\Log\\LogManager->driver()
#3 D:\\vectre\\TLMIS\\vendor\\laravel\\framework\\src\\Illuminate\\Foundation\\Exceptions\\Handler.php(380): Illuminate\\Log\\LogManager->error()
#4 D:\\vectre\\TLMIS\\vendor\\laravel\\framework\\src\\Illuminate\\Foundation\\Exceptions\\Handler.php(343): Illuminate\\Foundation\\Exceptions\\Handler->reportThrowable()
#5 D:\\vectre\\TLMIS\\vendor\\laravel\\framework\\src\\Illuminate\\Foundation\\Console\\Kernel.php(621): Illuminate\\Foundation\\Exceptions\\Handler->report()
#6 D:\\vectre\\TLMIS\\vendor\\laravel\\framework\\src\\Illuminate\\Foundation\\Console\\Kernel.php(200): Illuminate\\Foundation\\Console\\Kernel->reportException()
#7 Command line code(1): Illuminate\\Foundation\\Console\\Kernel->handle()
#8 {main}
"} 
[2025-01-10 09:47:24] laravel.ERROR: Class "Tymon\JWTAuth\Providers\JWT\Provider" not found {"exception":"[object] (Error(code: 0): Class \"Tymon\\JWTAuth\\Providers\\JWT\\Provider\" not found at D:\\vectre\\TLMIS\\config\\jwt.php:134)
[stacktrace]
#0 D:\\vectre\\TLMIS\\vendor\\laravel\\framework\\src\\Illuminate\\Foundation\\Bootstrap\\LoadConfiguration.php(96): require()
#1 D:\\vectre\\TLMIS\\vendor\\laravel\\framework\\src\\Illuminate\\Foundation\\Bootstrap\\LoadConfiguration.php(96): Illuminate\\Foundation\\Bootstrap\\LoadConfiguration->Illuminate\\Foundation\\Bootstrap\\{closure}()
#2 D:\\vectre\\TLMIS\\vendor\\laravel\\framework\\src\\Illuminate\\Foundation\\Bootstrap\\LoadConfiguration.php(77): Illuminate\\Foundation\\Bootstrap\\LoadConfiguration->loadConfigurationFile()
#3 D:\\vectre\\TLMIS\\vendor\\laravel\\framework\\src\\Illuminate\\Foundation\\Bootstrap\\LoadConfiguration.php(38): Illuminate\\Foundation\\Bootstrap\\LoadConfiguration->loadConfigurationFiles()
#4 D:\\vectre\\TLMIS\\vendor\\laravel\\framework\\src\\Illuminate\\Foundation\\Application.php(316): Illuminate\\Foundation\\Bootstrap\\LoadConfiguration->bootstrap()
#5 D:\\vectre\\TLMIS\\vendor\\laravel\\framework\\src\\Illuminate\\Foundation\\Console\\Kernel.php(474): Illuminate\\Foundation\\Application->bootstrapWith()
#6 D:\\vectre\\TLMIS\\vendor\\laravel\\framework\\src\\Illuminate\\Foundation\\Console\\Kernel.php(196): Illuminate\\Foundation\\Console\\Kernel->bootstrap()
#7 Command line code(1): Illuminate\\Foundation\\Console\\Kernel->handle()
#8 {main}
"} 
[2025-01-10 09:48:24] laravel.EMERGENCY: Unable to create configured logger. Using emergency logger. {"exception":"[object] (InvalidArgumentException(code: 0): Log [] is not defined. at D:\\vectre\\TLMIS\\vendor\\laravel\\framework\\src\\Illuminate\\Log\\LogManager.php:232)
[stacktrace]
#0 D:\\vectre\\TLMIS\\vendor\\laravel\\framework\\src\\Illuminate\\Log\\LogManager.php(139): Illuminate\\Log\\LogManager->resolve()
#1 D:\\vectre\\TLMIS\\vendor\\laravel\\framework\\src\\Illuminate\\Log\\LogManager.php(126): Illuminate\\Log\\LogManager->get()
#2 D:\\vectre\\TLMIS\\vendor\\laravel\\framework\\src\\Illuminate\\Log\\LogManager.php(701): Illuminate\\Log\\LogManager->driver()
#3 D:\\vectre\\TLMIS\\vendor\\laravel\\framework\\src\\Illuminate\\Foundation\\Exceptions\\Handler.php(380): Illuminate\\Log\\LogManager->error()
#4 D:\\vectre\\TLMIS\\vendor\\laravel\\framework\\src\\Illuminate\\Foundation\\Exceptions\\Handler.php(343): Illuminate\\Foundation\\Exceptions\\Handler->reportThrowable()
#5 D:\\vectre\\TLMIS\\vendor\\laravel\\framework\\src\\Illuminate\\Foundation\\Console\\Kernel.php(621): Illuminate\\Foundation\\Exceptions\\Handler->report()
#6 D:\\vectre\\TLMIS\\vendor\\laravel\\framework\\src\\Illuminate\\Foundation\\Console\\Kernel.php(200): Illuminate\\Foundation\\Console\\Kernel->reportException()
#7 Command line code(1): Illuminate\\Foundation\\Console\\Kernel->handle()
#8 {main}
"} 
[2025-01-10 09:48:24] laravel.ERROR: Class "Tymon\JWTAuth\Providers\JWT\Provider" not found {"exception":"[object] (Error(code: 0): Class \"Tymon\\JWTAuth\\Providers\\JWT\\Provider\" not found at D:\\vectre\\TLMIS\\config\\jwt.php:134)
[stacktrace]
#0 D:\\vectre\\TLMIS\\vendor\\laravel\\framework\\src\\Illuminate\\Foundation\\Bootstrap\\LoadConfiguration.php(96): require()
#1 D:\\vectre\\TLMIS\\vendor\\laravel\\framework\\src\\Illuminate\\Foundation\\Bootstrap\\LoadConfiguration.php(96): Illuminate\\Foundation\\Bootstrap\\LoadConfiguration->Illuminate\\Foundation\\Bootstrap\\{closure}()
#2 D:\\vectre\\TLMIS\\vendor\\laravel\\framework\\src\\Illuminate\\Foundation\\Bootstrap\\LoadConfiguration.php(77): Illuminate\\Foundation\\Bootstrap\\LoadConfiguration->loadConfigurationFile()
#3 D:\\vectre\\TLMIS\\vendor\\laravel\\framework\\src\\Illuminate\\Foundation\\Bootstrap\\LoadConfiguration.php(38): Illuminate\\Foundation\\Bootstrap\\LoadConfiguration->loadConfigurationFiles()
#4 D:\\vectre\\TLMIS\\vendor\\laravel\\framework\\src\\Illuminate\\Foundation\\Application.php(316): Illuminate\\Foundation\\Bootstrap\\LoadConfiguration->bootstrap()
#5 D:\\vectre\\TLMIS\\vendor\\laravel\\framework\\src\\Illuminate\\Foundation\\Console\\Kernel.php(474): Illuminate\\Foundation\\Application->bootstrapWith()
#6 D:\\vectre\\TLMIS\\vendor\\laravel\\framework\\src\\Illuminate\\Foundation\\Console\\Kernel.php(196): Illuminate\\Foundation\\Console\\Kernel->bootstrap()
#7 Command line code(1): Illuminate\\Foundation\\Console\\Kernel->handle()
#8 {main}
"} 
[2025-01-10 09:48:24] laravel.EMERGENCY: Unable to create configured logger. Using emergency logger. {"exception":"[object] (InvalidArgumentException(code: 0): Log [] is not defined. at D:\\vectre\\TLMIS\\vendor\\laravel\\framework\\src\\Illuminate\\Log\\LogManager.php:232)
[stacktrace]
#0 D:\\vectre\\TLMIS\\vendor\\laravel\\framework\\src\\Illuminate\\Log\\LogManager.php(139): Illuminate\\Log\\LogManager->resolve()
#1 D:\\vectre\\TLMIS\\vendor\\laravel\\framework\\src\\Illuminate\\Log\\LogManager.php(126): Illuminate\\Log\\LogManager->get()
#2 D:\\vectre\\TLMIS\\vendor\\laravel\\framework\\src\\Illuminate\\Log\\LogManager.php(701): Illuminate\\Log\\LogManager->driver()
#3 D:\\vectre\\TLMIS\\vendor\\laravel\\framework\\src\\Illuminate\\Foundation\\Exceptions\\Handler.php(380): Illuminate\\Log\\LogManager->error()
#4 D:\\vectre\\TLMIS\\vendor\\laravel\\framework\\src\\Illuminate\\Foundation\\Exceptions\\Handler.php(343): Illuminate\\Foundation\\Exceptions\\Handler->reportThrowable()
#5 D:\\vectre\\TLMIS\\vendor\\laravel\\framework\\src\\Illuminate\\Foundation\\Console\\Kernel.php(621): Illuminate\\Foundation\\Exceptions\\Handler->report()
#6 D:\\vectre\\TLMIS\\vendor\\laravel\\framework\\src\\Illuminate\\Foundation\\Console\\Kernel.php(200): Illuminate\\Foundation\\Console\\Kernel->reportException()
#7 Command line code(1): Illuminate\\Foundation\\Console\\Kernel->handle()
#8 {main}
"} 
[2025-01-10 09:48:24] laravel.ERROR: Class "Tymon\JWTAuth\Providers\JWT\Provider" not found {"exception":"[object] (Error(code: 0): Class \"Tymon\\JWTAuth\\Providers\\JWT\\Provider\" not found at D:\\vectre\\TLMIS\\config\\jwt.php:134)
[stacktrace]
#0 D:\\vectre\\TLMIS\\vendor\\laravel\\framework\\src\\Illuminate\\Foundation\\Bootstrap\\LoadConfiguration.php(96): require()
#1 D:\\vectre\\TLMIS\\vendor\\laravel\\framework\\src\\Illuminate\\Foundation\\Bootstrap\\LoadConfiguration.php(96): Illuminate\\Foundation\\Bootstrap\\LoadConfiguration->Illuminate\\Foundation\\Bootstrap\\{closure}()
#2 D:\\vectre\\TLMIS\\vendor\\laravel\\framework\\src\\Illuminate\\Foundation\\Bootstrap\\LoadConfiguration.php(77): Illuminate\\Foundation\\Bootstrap\\LoadConfiguration->loadConfigurationFile()
#3 D:\\vectre\\TLMIS\\vendor\\laravel\\framework\\src\\Illuminate\\Foundation\\Bootstrap\\LoadConfiguration.php(38): Illuminate\\Foundation\\Bootstrap\\LoadConfiguration->loadConfigurationFiles()
#4 D:\\vectre\\TLMIS\\vendor\\laravel\\framework\\src\\Illuminate\\Foundation\\Application.php(316): Illuminate\\Foundation\\Bootstrap\\LoadConfiguration->bootstrap()
#5 D:\\vectre\\TLMIS\\vendor\\laravel\\framework\\src\\Illuminate\\Foundation\\Console\\Kernel.php(474): Illuminate\\Foundation\\Application->bootstrapWith()
#6 D:\\vectre\\TLMIS\\vendor\\laravel\\framework\\src\\Illuminate\\Foundation\\Console\\Kernel.php(196): Illuminate\\Foundation\\Console\\Kernel->bootstrap()
#7 Command line code(1): Illuminate\\Foundation\\Console\\Kernel->handle()
#8 {main}
"} 
[2025-01-10 09:48:24] laravel.EMERGENCY: Unable to create configured logger. Using emergency logger. {"exception":"[object] (InvalidArgumentException(code: 0): Log [] is not defined. at D:\\vectre\\TLMIS\\vendor\\laravel\\framework\\src\\Illuminate\\Log\\LogManager.php:232)
[stacktrace]
#0 D:\\vectre\\TLMIS\\vendor\\laravel\\framework\\src\\Illuminate\\Log\\LogManager.php(139): Illuminate\\Log\\LogManager->resolve()
#1 D:\\vectre\\TLMIS\\vendor\\laravel\\framework\\src\\Illuminate\\Log\\LogManager.php(126): Illuminate\\Log\\LogManager->get()
#2 D:\\vectre\\TLMIS\\vendor\\laravel\\framework\\src\\Illuminate\\Log\\LogManager.php(701): Illuminate\\Log\\LogManager->driver()
#3 D:\\vectre\\TLMIS\\vendor\\laravel\\framework\\src\\Illuminate\\Foundation\\Exceptions\\Handler.php(380): Illuminate\\Log\\LogManager->error()
#4 D:\\vectre\\TLMIS\\vendor\\laravel\\framework\\src\\Illuminate\\Foundation\\Exceptions\\Handler.php(343): Illuminate\\Foundation\\Exceptions\\Handler->reportThrowable()
#5 D:\\vectre\\TLMIS\\vendor\\laravel\\framework\\src\\Illuminate\\Foundation\\Console\\Kernel.php(621): Illuminate\\Foundation\\Exceptions\\Handler->report()
#6 D:\\vectre\\TLMIS\\vendor\\laravel\\framework\\src\\Illuminate\\Foundation\\Console\\Kernel.php(200): Illuminate\\Foundation\\Console\\Kernel->reportException()
#7 Command line code(1): Illuminate\\Foundation\\Console\\Kernel->handle()
#8 {main}
"} 
[2025-01-10 09:48:24] laravel.ERROR: Class "Tymon\JWTAuth\Providers\JWT\Provider" not found {"exception":"[object] (Error(code: 0): Class \"Tymon\\JWTAuth\\Providers\\JWT\\Provider\" not found at D:\\vectre\\TLMIS\\config\\jwt.php:134)
[stacktrace]
#0 D:\\vectre\\TLMIS\\vendor\\laravel\\framework\\src\\Illuminate\\Foundation\\Bootstrap\\LoadConfiguration.php(96): require()
#1 D:\\vectre\\TLMIS\\vendor\\laravel\\framework\\src\\Illuminate\\Foundation\\Bootstrap\\LoadConfiguration.php(96): Illuminate\\Foundation\\Bootstrap\\LoadConfiguration->Illuminate\\Foundation\\Bootstrap\\{closure}()
#2 D:\\vectre\\TLMIS\\vendor\\laravel\\framework\\src\\Illuminate\\Foundation\\Bootstrap\\LoadConfiguration.php(77): Illuminate\\Foundation\\Bootstrap\\LoadConfiguration->loadConfigurationFile()
#3 D:\\vectre\\TLMIS\\vendor\\laravel\\framework\\src\\Illuminate\\Foundation\\Bootstrap\\LoadConfiguration.php(38): Illuminate\\Foundation\\Bootstrap\\LoadConfiguration->loadConfigurationFiles()
#4 D:\\vectre\\TLMIS\\vendor\\laravel\\framework\\src\\Illuminate\\Foundation\\Application.php(316): Illuminate\\Foundation\\Bootstrap\\LoadConfiguration->bootstrap()
#5 D:\\vectre\\TLMIS\\vendor\\laravel\\framework\\src\\Illuminate\\Foundation\\Console\\Kernel.php(474): Illuminate\\Foundation\\Application->bootstrapWith()
#6 D:\\vectre\\TLMIS\\vendor\\laravel\\framework\\src\\Illuminate\\Foundation\\Console\\Kernel.php(196): Illuminate\\Foundation\\Console\\Kernel->bootstrap()
#7 Command line code(1): Illuminate\\Foundation\\Console\\Kernel->handle()
#8 {main}
"} 
[2025-01-10 09:48:24] laravel.EMERGENCY: Unable to create configured logger. Using emergency logger. {"exception":"[object] (InvalidArgumentException(code: 0): Log [] is not defined. at D:\\vectre\\TLMIS\\vendor\\laravel\\framework\\src\\Illuminate\\Log\\LogManager.php:232)
[stacktrace]
#0 D:\\vectre\\TLMIS\\vendor\\laravel\\framework\\src\\Illuminate\\Log\\LogManager.php(139): Illuminate\\Log\\LogManager->resolve()
#1 D:\\vectre\\TLMIS\\vendor\\laravel\\framework\\src\\Illuminate\\Log\\LogManager.php(126): Illuminate\\Log\\LogManager->get()
#2 D:\\vectre\\TLMIS\\vendor\\laravel\\framework\\src\\Illuminate\\Log\\LogManager.php(701): Illuminate\\Log\\LogManager->driver()
#3 D:\\vectre\\TLMIS\\vendor\\laravel\\framework\\src\\Illuminate\\Foundation\\Exceptions\\Handler.php(380): Illuminate\\Log\\LogManager->error()
#4 D:\\vectre\\TLMIS\\vendor\\laravel\\framework\\src\\Illuminate\\Foundation\\Exceptions\\Handler.php(343): Illuminate\\Foundation\\Exceptions\\Handler->reportThrowable()
#5 D:\\vectre\\TLMIS\\vendor\\laravel\\framework\\src\\Illuminate\\Foundation\\Console\\Kernel.php(621): Illuminate\\Foundation\\Exceptions\\Handler->report()
#6 D:\\vectre\\TLMIS\\vendor\\laravel\\framework\\src\\Illuminate\\Foundation\\Console\\Kernel.php(200): Illuminate\\Foundation\\Console\\Kernel->reportException()
#7 Command line code(1): Illuminate\\Foundation\\Console\\Kernel->handle()
#8 {main}
"} 
[2025-01-10 09:48:24] laravel.ERROR: Class "Tymon\JWTAuth\Providers\JWT\Provider" not found {"exception":"[object] (Error(code: 0): Class \"Tymon\\JWTAuth\\Providers\\JWT\\Provider\" not found at D:\\vectre\\TLMIS\\config\\jwt.php:134)
[stacktrace]
#0 D:\\vectre\\TLMIS\\vendor\\laravel\\framework\\src\\Illuminate\\Foundation\\Bootstrap\\LoadConfiguration.php(96): require()
#1 D:\\vectre\\TLMIS\\vendor\\laravel\\framework\\src\\Illuminate\\Foundation\\Bootstrap\\LoadConfiguration.php(96): Illuminate\\Foundation\\Bootstrap\\LoadConfiguration->Illuminate\\Foundation\\Bootstrap\\{closure}()
#2 D:\\vectre\\TLMIS\\vendor\\laravel\\framework\\src\\Illuminate\\Foundation\\Bootstrap\\LoadConfiguration.php(77): Illuminate\\Foundation\\Bootstrap\\LoadConfiguration->loadConfigurationFile()
#3 D:\\vectre\\TLMIS\\vendor\\laravel\\framework\\src\\Illuminate\\Foundation\\Bootstrap\\LoadConfiguration.php(38): Illuminate\\Foundation\\Bootstrap\\LoadConfiguration->loadConfigurationFiles()
#4 D:\\vectre\\TLMIS\\vendor\\laravel\\framework\\src\\Illuminate\\Foundation\\Application.php(316): Illuminate\\Foundation\\Bootstrap\\LoadConfiguration->bootstrap()
#5 D:\\vectre\\TLMIS\\vendor\\laravel\\framework\\src\\Illuminate\\Foundation\\Console\\Kernel.php(474): Illuminate\\Foundation\\Application->bootstrapWith()
#6 D:\\vectre\\TLMIS\\vendor\\laravel\\framework\\src\\Illuminate\\Foundation\\Console\\Kernel.php(196): Illuminate\\Foundation\\Console\\Kernel->bootstrap()
#7 Command line code(1): Illuminate\\Foundation\\Console\\Kernel->handle()
#8 {main}
"} 
[2025-01-10 09:49:42] laravel.EMERGENCY: Unable to create configured logger. Using emergency logger. {"exception":"[object] (InvalidArgumentException(code: 0): Log [] is not defined. at D:\\vectre\\TLMIS\\vendor\\laravel\\framework\\src\\Illuminate\\Log\\LogManager.php:232)
[stacktrace]
#0 D:\\vectre\\TLMIS\\vendor\\laravel\\framework\\src\\Illuminate\\Log\\LogManager.php(139): Illuminate\\Log\\LogManager->resolve()
#1 D:\\vectre\\TLMIS\\vendor\\laravel\\framework\\src\\Illuminate\\Log\\LogManager.php(126): Illuminate\\Log\\LogManager->get()
#2 D:\\vectre\\TLMIS\\vendor\\laravel\\framework\\src\\Illuminate\\Log\\LogManager.php(701): Illuminate\\Log\\LogManager->driver()
#3 D:\\vectre\\TLMIS\\vendor\\laravel\\framework\\src\\Illuminate\\Foundation\\Exceptions\\Handler.php(380): Illuminate\\Log\\LogManager->error()
#4 D:\\vectre\\TLMIS\\vendor\\laravel\\framework\\src\\Illuminate\\Foundation\\Exceptions\\Handler.php(343): Illuminate\\Foundation\\Exceptions\\Handler->reportThrowable()
#5 D:\\vectre\\TLMIS\\vendor\\laravel\\framework\\src\\Illuminate\\Foundation\\Console\\Kernel.php(621): Illuminate\\Foundation\\Exceptions\\Handler->report()
#6 D:\\vectre\\TLMIS\\vendor\\laravel\\framework\\src\\Illuminate\\Foundation\\Console\\Kernel.php(200): Illuminate\\Foundation\\Console\\Kernel->reportException()
#7 Command line code(1): Illuminate\\Foundation\\Console\\Kernel->handle()
#8 {main}
"} 
[2025-01-10 09:49:42] laravel.ERROR: Class "Tymon\JWTAuth\Providers\JWT\Provider" not found {"exception":"[object] (Error(code: 0): Class \"Tymon\\JWTAuth\\Providers\\JWT\\Provider\" not found at D:\\vectre\\TLMIS\\config\\jwt.php:134)
[stacktrace]
#0 D:\\vectre\\TLMIS\\vendor\\laravel\\framework\\src\\Illuminate\\Foundation\\Bootstrap\\LoadConfiguration.php(96): require()
#1 D:\\vectre\\TLMIS\\vendor\\laravel\\framework\\src\\Illuminate\\Foundation\\Bootstrap\\LoadConfiguration.php(96): Illuminate\\Foundation\\Bootstrap\\LoadConfiguration->Illuminate\\Foundation\\Bootstrap\\{closure}()
#2 D:\\vectre\\TLMIS\\vendor\\laravel\\framework\\src\\Illuminate\\Foundation\\Bootstrap\\LoadConfiguration.php(77): Illuminate\\Foundation\\Bootstrap\\LoadConfiguration->loadConfigurationFile()
#3 D:\\vectre\\TLMIS\\vendor\\laravel\\framework\\src\\Illuminate\\Foundation\\Bootstrap\\LoadConfiguration.php(38): Illuminate\\Foundation\\Bootstrap\\LoadConfiguration->loadConfigurationFiles()
#4 D:\\vectre\\TLMIS\\vendor\\laravel\\framework\\src\\Illuminate\\Foundation\\Application.php(316): Illuminate\\Foundation\\Bootstrap\\LoadConfiguration->bootstrap()
#5 D:\\vectre\\TLMIS\\vendor\\laravel\\framework\\src\\Illuminate\\Foundation\\Console\\Kernel.php(474): Illuminate\\Foundation\\Application->bootstrapWith()
#6 D:\\vectre\\TLMIS\\vendor\\laravel\\framework\\src\\Illuminate\\Foundation\\Console\\Kernel.php(196): Illuminate\\Foundation\\Console\\Kernel->bootstrap()
#7 Command line code(1): Illuminate\\Foundation\\Console\\Kernel->handle()
#8 {main}
"} 
[2025-01-10 09:49:42] laravel.ERROR: Class "Tymon\JWTAuth\Providers\JWT\Provider" not found {"exception":"[object] (Error(code: 0): Class \"Tymon\\JWTAuth\\Providers\\JWT\\Provider\" not found at D:\\vectre\\TLMIS\\config\\jwt.php:134)
[stacktrace]
#0 D:\\vectre\\TLMIS\\vendor\\laravel\\framework\\src\\Illuminate\\Foundation\\Bootstrap\\LoadConfiguration.php(96): require()
#1 D:\\vectre\\TLMIS\\vendor\\laravel\\framework\\src\\Illuminate\\Foundation\\Bootstrap\\LoadConfiguration.php(96): Illuminate\\Foundation\\Bootstrap\\LoadConfiguration->Illuminate\\Foundation\\Bootstrap\\{closure}()
#2 D:\\vectre\\TLMIS\\vendor\\laravel\\framework\\src\\Illuminate\\Foundation\\Bootstrap\\LoadConfiguration.php(77): Illuminate\\Foundation\\Bootstrap\\LoadConfiguration->loadConfigurationFile()
#3 D:\\vectre\\TLMIS\\vendor\\laravel\\framework\\src\\Illuminate\\Foundation\\Bootstrap\\LoadConfiguration.php(38): Illuminate\\Foundation\\Bootstrap\\LoadConfiguration->loadConfigurationFiles()
#4 D:\\vectre\\TLMIS\\vendor\\laravel\\framework\\src\\Illuminate\\Foundation\\Application.php(316): Illuminate\\Foundation\\Bootstrap\\LoadConfiguration->bootstrap()
#5 D:\\vectre\\TLMIS\\vendor\\laravel\\framework\\src\\Illuminate\\Foundation\\Console\\Kernel.php(474): Illuminate\\Foundation\\Application->bootstrapWith()
#6 D:\\vectre\\TLMIS\\vendor\\laravel\\framework\\src\\Illuminate\\Foundation\\Console\\Kernel.php(196): Illuminate\\Foundation\\Console\\Kernel->bootstrap()
#7 Command line code(1): Illuminate\\Foundation\\Console\\Kernel->handle()
#8 {main}
"} 
[2025-01-10 09:50:24] laravel.EMERGENCY: Unable to create configured logger. Using emergency logger. {"exception":"[object] (InvalidArgumentException(code: 0): Log [] is not defined. at D:\\vectre\\TLMIS\\vendor\\laravel\\framework\\src\\Illuminate\\Log\\LogManager.php:232)
[stacktrace]
#0 D:\\vectre\\TLMIS\\vendor\\laravel\\framework\\src\\Illuminate\\Log\\LogManager.php(139): Illuminate\\Log\\LogManager->resolve()
#1 D:\\vectre\\TLMIS\\vendor\\laravel\\framework\\src\\Illuminate\\Log\\LogManager.php(126): Illuminate\\Log\\LogManager->get()
#2 D:\\vectre\\TLMIS\\vendor\\laravel\\framework\\src\\Illuminate\\Log\\LogManager.php(701): Illuminate\\Log\\LogManager->driver()
#3 D:\\vectre\\TLMIS\\vendor\\laravel\\framework\\src\\Illuminate\\Foundation\\Exceptions\\Handler.php(380): Illuminate\\Log\\LogManager->error()
#4 D:\\vectre\\TLMIS\\vendor\\laravel\\framework\\src\\Illuminate\\Foundation\\Exceptions\\Handler.php(343): Illuminate\\Foundation\\Exceptions\\Handler->reportThrowable()
#5 D:\\vectre\\TLMIS\\vendor\\laravel\\framework\\src\\Illuminate\\Foundation\\Console\\Kernel.php(621): Illuminate\\Foundation\\Exceptions\\Handler->report()
#6 D:\\vectre\\TLMIS\\vendor\\laravel\\framework\\src\\Illuminate\\Foundation\\Console\\Kernel.php(200): Illuminate\\Foundation\\Console\\Kernel->reportException()
#7 Command line code(1): Illuminate\\Foundation\\Console\\Kernel->handle()
#8 {main}
"} 
[2025-01-10 09:50:24] laravel.EMERGENCY: Unable to create configured logger. Using emergency logger. {"exception":"[object] (InvalidArgumentException(code: 0): Log [] is not defined. at D:\\vectre\\TLMIS\\vendor\\laravel\\framework\\src\\Illuminate\\Log\\LogManager.php:232)
[stacktrace]
#0 D:\\vectre\\TLMIS\\vendor\\laravel\\framework\\src\\Illuminate\\Log\\LogManager.php(139): Illuminate\\Log\\LogManager->resolve()
#1 D:\\vectre\\TLMIS\\vendor\\laravel\\framework\\src\\Illuminate\\Log\\LogManager.php(126): Illuminate\\Log\\LogManager->get()
#2 D:\\vectre\\TLMIS\\vendor\\laravel\\framework\\src\\Illuminate\\Log\\LogManager.php(701): Illuminate\\Log\\LogManager->driver()
#3 D:\\vectre\\TLMIS\\vendor\\laravel\\framework\\src\\Illuminate\\Foundation\\Exceptions\\Handler.php(380): Illuminate\\Log\\LogManager->error()
#4 D:\\vectre\\TLMIS\\vendor\\laravel\\framework\\src\\Illuminate\\Foundation\\Exceptions\\Handler.php(343): Illuminate\\Foundation\\Exceptions\\Handler->reportThrowable()
#5 D:\\vectre\\TLMIS\\vendor\\laravel\\framework\\src\\Illuminate\\Foundation\\Console\\Kernel.php(621): Illuminate\\Foundation\\Exceptions\\Handler->report()
#6 D:\\vectre\\TLMIS\\vendor\\laravel\\framework\\src\\Illuminate\\Foundation\\Console\\Kernel.php(200): Illuminate\\Foundation\\Console\\Kernel->reportException()
#7 Command line code(1): Illuminate\\Foundation\\Console\\Kernel->handle()
#8 {main}
"} 
[2025-01-10 09:50:24] laravel.ERROR: Class "Tymon\JWTAuth\Providers\JWT\Provider" not found {"exception":"[object] (Error(code: 0): Class \"Tymon\\JWTAuth\\Providers\\JWT\\Provider\" not found at D:\\vectre\\TLMIS\\config\\jwt.php:134)
[stacktrace]
#0 D:\\vectre\\TLMIS\\vendor\\laravel\\framework\\src\\Illuminate\\Foundation\\Bootstrap\\LoadConfiguration.php(96): require()
#1 D:\\vectre\\TLMIS\\vendor\\laravel\\framework\\src\\Illuminate\\Foundation\\Bootstrap\\LoadConfiguration.php(96): Illuminate\\Foundation\\Bootstrap\\LoadConfiguration->Illuminate\\Foundation\\Bootstrap\\{closure}()
#2 D:\\vectre\\TLMIS\\vendor\\laravel\\framework\\src\\Illuminate\\Foundation\\Bootstrap\\LoadConfiguration.php(77): Illuminate\\Foundation\\Bootstrap\\LoadConfiguration->loadConfigurationFile()
#3 D:\\vectre\\TLMIS\\vendor\\laravel\\framework\\src\\Illuminate\\Foundation\\Bootstrap\\LoadConfiguration.php(38): Illuminate\\Foundation\\Bootstrap\\LoadConfiguration->loadConfigurationFiles()
#4 D:\\vectre\\TLMIS\\vendor\\laravel\\framework\\src\\Illuminate\\Foundation\\Application.php(316): Illuminate\\Foundation\\Bootstrap\\LoadConfiguration->bootstrap()
#5 D:\\vectre\\TLMIS\\vendor\\laravel\\framework\\src\\Illuminate\\Foundation\\Console\\Kernel.php(474): Illuminate\\Foundation\\Application->bootstrapWith()
#6 D:\\vectre\\TLMIS\\vendor\\laravel\\framework\\src\\Illuminate\\Foundation\\Console\\Kernel.php(196): Illuminate\\Foundation\\Console\\Kernel->bootstrap()
#7 Command line code(1): Illuminate\\Foundation\\Console\\Kernel->handle()
#8 {main}
"} 
[2025-01-10 09:50:24] laravel.ERROR: Class "Tymon\JWTAuth\Providers\JWT\Provider" not found {"exception":"[object] (Error(code: 0): Class \"Tymon\\JWTAuth\\Providers\\JWT\\Provider\" not found at D:\\vectre\\TLMIS\\config\\jwt.php:134)
[stacktrace]
#0 D:\\vectre\\TLMIS\\vendor\\laravel\\framework\\src\\Illuminate\\Foundation\\Bootstrap\\LoadConfiguration.php(96): require()
#1 D:\\vectre\\TLMIS\\vendor\\laravel\\framework\\src\\Illuminate\\Foundation\\Bootstrap\\LoadConfiguration.php(96): Illuminate\\Foundation\\Bootstrap\\LoadConfiguration->Illuminate\\Foundation\\Bootstrap\\{closure}()
#2 D:\\vectre\\TLMIS\\vendor\\laravel\\framework\\src\\Illuminate\\Foundation\\Bootstrap\\LoadConfiguration.php(77): Illuminate\\Foundation\\Bootstrap\\LoadConfiguration->loadConfigurationFile()
#3 D:\\vectre\\TLMIS\\vendor\\laravel\\framework\\src\\Illuminate\\Foundation\\Bootstrap\\LoadConfiguration.php(38): Illuminate\\Foundation\\Bootstrap\\LoadConfiguration->loadConfigurationFiles()
#4 D:\\vectre\\TLMIS\\vendor\\laravel\\framework\\src\\Illuminate\\Foundation\\Application.php(316): Illuminate\\Foundation\\Bootstrap\\LoadConfiguration->bootstrap()
#5 D:\\vectre\\TLMIS\\vendor\\laravel\\framework\\src\\Illuminate\\Foundation\\Console\\Kernel.php(474): Illuminate\\Foundation\\Application->bootstrapWith()
#6 D:\\vectre\\TLMIS\\vendor\\laravel\\framework\\src\\Illuminate\\Foundation\\Console\\Kernel.php(196): Illuminate\\Foundation\\Console\\Kernel->bootstrap()
#7 Command line code(1): Illuminate\\Foundation\\Console\\Kernel->handle()
#8 {main}
"} 
[2025-01-10 09:51:24] laravel.EMERGENCY: Unable to create configured logger. Using emergency logger. {"exception":"[object] (InvalidArgumentException(code: 0): Log [] is not defined. at D:\\vectre\\TLMIS\\vendor\\laravel\\framework\\src\\Illuminate\\Log\\LogManager.php:232)
[stacktrace]
#0 D:\\vectre\\TLMIS\\vendor\\laravel\\framework\\src\\Illuminate\\Log\\LogManager.php(139): Illuminate\\Log\\LogManager->resolve()
#1 D:\\vectre\\TLMIS\\vendor\\laravel\\framework\\src\\Illuminate\\Log\\LogManager.php(126): Illuminate\\Log\\LogManager->get()
#2 D:\\vectre\\TLMIS\\vendor\\laravel\\framework\\src\\Illuminate\\Log\\LogManager.php(701): Illuminate\\Log\\LogManager->driver()
#3 D:\\vectre\\TLMIS\\vendor\\laravel\\framework\\src\\Illuminate\\Foundation\\Exceptions\\Handler.php(380): Illuminate\\Log\\LogManager->error()
#4 D:\\vectre\\TLMIS\\vendor\\laravel\\framework\\src\\Illuminate\\Foundation\\Exceptions\\Handler.php(343): Illuminate\\Foundation\\Exceptions\\Handler->reportThrowable()
#5 D:\\vectre\\TLMIS\\vendor\\laravel\\framework\\src\\Illuminate\\Foundation\\Console\\Kernel.php(621): Illuminate\\Foundation\\Exceptions\\Handler->report()
#6 D:\\vectre\\TLMIS\\vendor\\laravel\\framework\\src\\Illuminate\\Foundation\\Console\\Kernel.php(200): Illuminate\\Foundation\\Console\\Kernel->reportException()
#7 Command line code(1): Illuminate\\Foundation\\Console\\Kernel->handle()
#8 {main}
"} 
[2025-01-10 09:51:24] laravel.EMERGENCY: Unable to create configured logger. Using emergency logger. {"exception":"[object] (InvalidArgumentException(code: 0): Log [] is not defined. at D:\\vectre\\TLMIS\\vendor\\laravel\\framework\\src\\Illuminate\\Log\\LogManager.php:232)
[stacktrace]
#0 D:\\vectre\\TLMIS\\vendor\\laravel\\framework\\src\\Illuminate\\Log\\LogManager.php(139): Illuminate\\Log\\LogManager->resolve()
#1 D:\\vectre\\TLMIS\\vendor\\laravel\\framework\\src\\Illuminate\\Log\\LogManager.php(126): Illuminate\\Log\\LogManager->get()
#2 D:\\vectre\\TLMIS\\vendor\\laravel\\framework\\src\\Illuminate\\Log\\LogManager.php(701): Illuminate\\Log\\LogManager->driver()
#3 D:\\vectre\\TLMIS\\vendor\\laravel\\framework\\src\\Illuminate\\Foundation\\Exceptions\\Handler.php(380): Illuminate\\Log\\LogManager->error()
#4 D:\\vectre\\TLMIS\\vendor\\laravel\\framework\\src\\Illuminate\\Foundation\\Exceptions\\Handler.php(343): Illuminate\\Foundation\\Exceptions\\Handler->reportThrowable()
#5 D:\\vectre\\TLMIS\\vendor\\laravel\\framework\\src\\Illuminate\\Foundation\\Console\\Kernel.php(621): Illuminate\\Foundation\\Exceptions\\Handler->report()
#6 D:\\vectre\\TLMIS\\vendor\\laravel\\framework\\src\\Illuminate\\Foundation\\Console\\Kernel.php(200): Illuminate\\Foundation\\Console\\Kernel->reportException()
#7 Command line code(1): Illuminate\\Foundation\\Console\\Kernel->handle()
#8 {main}
"} 
[2025-01-10 09:51:24] laravel.ERROR: Class "Tymon\JWTAuth\Providers\JWT\Provider" not found {"exception":"[object] (Error(code: 0): Class \"Tymon\\JWTAuth\\Providers\\JWT\\Provider\" not found at D:\\vectre\\TLMIS\\config\\jwt.php:134)
[stacktrace]
#0 D:\\vectre\\TLMIS\\vendor\\laravel\\framework\\src\\Illuminate\\Foundation\\Bootstrap\\LoadConfiguration.php(96): require()
#1 D:\\vectre\\TLMIS\\vendor\\laravel\\framework\\src\\Illuminate\\Foundation\\Bootstrap\\LoadConfiguration.php(96): Illuminate\\Foundation\\Bootstrap\\LoadConfiguration->Illuminate\\Foundation\\Bootstrap\\{closure}()
#2 D:\\vectre\\TLMIS\\vendor\\laravel\\framework\\src\\Illuminate\\Foundation\\Bootstrap\\LoadConfiguration.php(77): Illuminate\\Foundation\\Bootstrap\\LoadConfiguration->loadConfigurationFile()
#3 D:\\vectre\\TLMIS\\vendor\\laravel\\framework\\src\\Illuminate\\Foundation\\Bootstrap\\LoadConfiguration.php(38): Illuminate\\Foundation\\Bootstrap\\LoadConfiguration->loadConfigurationFiles()
#4 D:\\vectre\\TLMIS\\vendor\\laravel\\framework\\src\\Illuminate\\Foundation\\Application.php(316): Illuminate\\Foundation\\Bootstrap\\LoadConfiguration->bootstrap()
#5 D:\\vectre\\TLMIS\\vendor\\laravel\\framework\\src\\Illuminate\\Foundation\\Console\\Kernel.php(474): Illuminate\\Foundation\\Application->bootstrapWith()
#6 D:\\vectre\\TLMIS\\vendor\\laravel\\framework\\src\\Illuminate\\Foundation\\Console\\Kernel.php(196): Illuminate\\Foundation\\Console\\Kernel->bootstrap()
#7 Command line code(1): Illuminate\\Foundation\\Console\\Kernel->handle()
#8 {main}
"} 
[2025-01-10 09:51:24] laravel.ERROR: Class "Tymon\JWTAuth\Providers\JWT\Provider" not found {"exception":"[object] (Error(code: 0): Class \"Tymon\\JWTAuth\\Providers\\JWT\\Provider\" not found at D:\\vectre\\TLMIS\\config\\jwt.php:134)
[stacktrace]
#0 D:\\vectre\\TLMIS\\vendor\\laravel\\framework\\src\\Illuminate\\Foundation\\Bootstrap\\LoadConfiguration.php(96): require()
#1 D:\\vectre\\TLMIS\\vendor\\laravel\\framework\\src\\Illuminate\\Foundation\\Bootstrap\\LoadConfiguration.php(96): Illuminate\\Foundation\\Bootstrap\\LoadConfiguration->Illuminate\\Foundation\\Bootstrap\\{closure}()
#2 D:\\vectre\\TLMIS\\vendor\\laravel\\framework\\src\\Illuminate\\Foundation\\Bootstrap\\LoadConfiguration.php(77): Illuminate\\Foundation\\Bootstrap\\LoadConfiguration->loadConfigurationFile()
#3 D:\\vectre\\TLMIS\\vendor\\laravel\\framework\\src\\Illuminate\\Foundation\\Bootstrap\\LoadConfiguration.php(38): Illuminate\\Foundation\\Bootstrap\\LoadConfiguration->loadConfigurationFiles()
#4 D:\\vectre\\TLMIS\\vendor\\laravel\\framework\\src\\Illuminate\\Foundation\\Application.php(316): Illuminate\\Foundation\\Bootstrap\\LoadConfiguration->bootstrap()
#5 D:\\vectre\\TLMIS\\vendor\\laravel\\framework\\src\\Illuminate\\Foundation\\Console\\Kernel.php(474): Illuminate\\Foundation\\Application->bootstrapWith()
#6 D:\\vectre\\TLMIS\\vendor\\laravel\\framework\\src\\Illuminate\\Foundation\\Console\\Kernel.php(196): Illuminate\\Foundation\\Console\\Kernel->bootstrap()
#7 Command line code(1): Illuminate\\Foundation\\Console\\Kernel->handle()
#8 {main}
"} 
[2025-01-10 09:52:24] laravel.EMERGENCY: Unable to create configured logger. Using emergency logger. {"exception":"[object] (InvalidArgumentException(code: 0): Log [] is not defined. at D:\\vectre\\TLMIS\\vendor\\laravel\\framework\\src\\Illuminate\\Log\\LogManager.php:232)
[stacktrace]
#0 D:\\vectre\\TLMIS\\vendor\\laravel\\framework\\src\\Illuminate\\Log\\LogManager.php(139): Illuminate\\Log\\LogManager->resolve()
#1 D:\\vectre\\TLMIS\\vendor\\laravel\\framework\\src\\Illuminate\\Log\\LogManager.php(126): Illuminate\\Log\\LogManager->get()
#2 D:\\vectre\\TLMIS\\vendor\\laravel\\framework\\src\\Illuminate\\Log\\LogManager.php(701): Illuminate\\Log\\LogManager->driver()
#3 D:\\vectre\\TLMIS\\vendor\\laravel\\framework\\src\\Illuminate\\Foundation\\Exceptions\\Handler.php(380): Illuminate\\Log\\LogManager->error()
#4 D:\\vectre\\TLMIS\\vendor\\laravel\\framework\\src\\Illuminate\\Foundation\\Exceptions\\Handler.php(343): Illuminate\\Foundation\\Exceptions\\Handler->reportThrowable()
#5 D:\\vectre\\TLMIS\\vendor\\laravel\\framework\\src\\Illuminate\\Foundation\\Console\\Kernel.php(621): Illuminate\\Foundation\\Exceptions\\Handler->report()
#6 D:\\vectre\\TLMIS\\vendor\\laravel\\framework\\src\\Illuminate\\Foundation\\Console\\Kernel.php(200): Illuminate\\Foundation\\Console\\Kernel->reportException()
#7 Command line code(1): Illuminate\\Foundation\\Console\\Kernel->handle()
#8 {main}
"} 
[2025-01-10 09:52:24] laravel.ERROR: Class "Tymon\JWTAuth\Providers\JWT\Provider" not found {"exception":"[object] (Error(code: 0): Class \"Tymon\\JWTAuth\\Providers\\JWT\\Provider\" not found at D:\\vectre\\TLMIS\\config\\jwt.php:134)
[stacktrace]
#0 D:\\vectre\\TLMIS\\vendor\\laravel\\framework\\src\\Illuminate\\Foundation\\Bootstrap\\LoadConfiguration.php(96): require()
#1 D:\\vectre\\TLMIS\\vendor\\laravel\\framework\\src\\Illuminate\\Foundation\\Bootstrap\\LoadConfiguration.php(96): Illuminate\\Foundation\\Bootstrap\\LoadConfiguration->Illuminate\\Foundation\\Bootstrap\\{closure}()
#2 D:\\vectre\\TLMIS\\vendor\\laravel\\framework\\src\\Illuminate\\Foundation\\Bootstrap\\LoadConfiguration.php(77): Illuminate\\Foundation\\Bootstrap\\LoadConfiguration->loadConfigurationFile()
#3 D:\\vectre\\TLMIS\\vendor\\laravel\\framework\\src\\Illuminate\\Foundation\\Bootstrap\\LoadConfiguration.php(38): Illuminate\\Foundation\\Bootstrap\\LoadConfiguration->loadConfigurationFiles()
#4 D:\\vectre\\TLMIS\\vendor\\laravel\\framework\\src\\Illuminate\\Foundation\\Application.php(316): Illuminate\\Foundation\\Bootstrap\\LoadConfiguration->bootstrap()
#5 D:\\vectre\\TLMIS\\vendor\\laravel\\framework\\src\\Illuminate\\Foundation\\Console\\Kernel.php(474): Illuminate\\Foundation\\Application->bootstrapWith()
#6 D:\\vectre\\TLMIS\\vendor\\laravel\\framework\\src\\Illuminate\\Foundation\\Console\\Kernel.php(196): Illuminate\\Foundation\\Console\\Kernel->bootstrap()
#7 Command line code(1): Illuminate\\Foundation\\Console\\Kernel->handle()
#8 {main}
"} 
[2025-01-10 09:52:24] laravel.ERROR: Class "Tymon\JWTAuth\Providers\JWT\Provider" not found {"exception":"[object] (Error(code: 0): Class \"Tymon\\JWTAuth\\Providers\\JWT\\Provider\" not found at D:\\vectre\\TLMIS\\config\\jwt.php:134)
[stacktrace]
#0 D:\\vectre\\TLMIS\\vendor\\laravel\\framework\\src\\Illuminate\\Foundation\\Bootstrap\\LoadConfiguration.php(96): require()
#1 D:\\vectre\\TLMIS\\vendor\\laravel\\framework\\src\\Illuminate\\Foundation\\Bootstrap\\LoadConfiguration.php(96): Illuminate\\Foundation\\Bootstrap\\LoadConfiguration->Illuminate\\Foundation\\Bootstrap\\{closure}()
#2 D:\\vectre\\TLMIS\\vendor\\laravel\\framework\\src\\Illuminate\\Foundation\\Bootstrap\\LoadConfiguration.php(77): Illuminate\\Foundation\\Bootstrap\\LoadConfiguration->loadConfigurationFile()
#3 D:\\vectre\\TLMIS\\vendor\\laravel\\framework\\src\\Illuminate\\Foundation\\Bootstrap\\LoadConfiguration.php(38): Illuminate\\Foundation\\Bootstrap\\LoadConfiguration->loadConfigurationFiles()
#4 D:\\vectre\\TLMIS\\vendor\\laravel\\framework\\src\\Illuminate\\Foundation\\Application.php(316): Illuminate\\Foundation\\Bootstrap\\LoadConfiguration->bootstrap()
#5 D:\\vectre\\TLMIS\\vendor\\laravel\\framework\\src\\Illuminate\\Foundation\\Console\\Kernel.php(474): Illuminate\\Foundation\\Application->bootstrapWith()
#6 D:\\vectre\\TLMIS\\vendor\\laravel\\framework\\src\\Illuminate\\Foundation\\Console\\Kernel.php(196): Illuminate\\Foundation\\Console\\Kernel->bootstrap()
#7 Command line code(1): Illuminate\\Foundation\\Console\\Kernel->handle()
#8 {main}
"} 
[2025-01-10 09:53:24] laravel.EMERGENCY: Unable to create configured logger. Using emergency logger. {"exception":"[object] (InvalidArgumentException(code: 0): Log [] is not defined. at D:\\vectre\\TLMIS\\vendor\\laravel\\framework\\src\\Illuminate\\Log\\LogManager.php:232)
[stacktrace]
#0 D:\\vectre\\TLMIS\\vendor\\laravel\\framework\\src\\Illuminate\\Log\\LogManager.php(139): Illuminate\\Log\\LogManager->resolve()
#1 D:\\vectre\\TLMIS\\vendor\\laravel\\framework\\src\\Illuminate\\Log\\LogManager.php(126): Illuminate\\Log\\LogManager->get()
#2 D:\\vectre\\TLMIS\\vendor\\laravel\\framework\\src\\Illuminate\\Log\\LogManager.php(701): Illuminate\\Log\\LogManager->driver()
#3 D:\\vectre\\TLMIS\\vendor\\laravel\\framework\\src\\Illuminate\\Foundation\\Exceptions\\Handler.php(380): Illuminate\\Log\\LogManager->error()
#4 D:\\vectre\\TLMIS\\vendor\\laravel\\framework\\src\\Illuminate\\Foundation\\Exceptions\\Handler.php(343): Illuminate\\Foundation\\Exceptions\\Handler->reportThrowable()
#5 D:\\vectre\\TLMIS\\vendor\\laravel\\framework\\src\\Illuminate\\Foundation\\Console\\Kernel.php(621): Illuminate\\Foundation\\Exceptions\\Handler->report()
#6 D:\\vectre\\TLMIS\\vendor\\laravel\\framework\\src\\Illuminate\\Foundation\\Console\\Kernel.php(200): Illuminate\\Foundation\\Console\\Kernel->reportException()
#7 Command line code(1): Illuminate\\Foundation\\Console\\Kernel->handle()
#8 {main}
"} 
[2025-01-10 09:53:24] laravel.ERROR: Class "Tymon\JWTAuth\Providers\JWT\Provider" not found {"exception":"[object] (Error(code: 0): Class \"Tymon\\JWTAuth\\Providers\\JWT\\Provider\" not found at D:\\vectre\\TLMIS\\config\\jwt.php:134)
[stacktrace]
#0 D:\\vectre\\TLMIS\\vendor\\laravel\\framework\\src\\Illuminate\\Foundation\\Bootstrap\\LoadConfiguration.php(96): require()
#1 D:\\vectre\\TLMIS\\vendor\\laravel\\framework\\src\\Illuminate\\Foundation\\Bootstrap\\LoadConfiguration.php(96): Illuminate\\Foundation\\Bootstrap\\LoadConfiguration->Illuminate\\Foundation\\Bootstrap\\{closure}()
#2 D:\\vectre\\TLMIS\\vendor\\laravel\\framework\\src\\Illuminate\\Foundation\\Bootstrap\\LoadConfiguration.php(77): Illuminate\\Foundation\\Bootstrap\\LoadConfiguration->loadConfigurationFile()
#3 D:\\vectre\\TLMIS\\vendor\\laravel\\framework\\src\\Illuminate\\Foundation\\Bootstrap\\LoadConfiguration.php(38): Illuminate\\Foundation\\Bootstrap\\LoadConfiguration->loadConfigurationFiles()
#4 D:\\vectre\\TLMIS\\vendor\\laravel\\framework\\src\\Illuminate\\Foundation\\Application.php(316): Illuminate\\Foundation\\Bootstrap\\LoadConfiguration->bootstrap()
#5 D:\\vectre\\TLMIS\\vendor\\laravel\\framework\\src\\Illuminate\\Foundation\\Console\\Kernel.php(474): Illuminate\\Foundation\\Application->bootstrapWith()
#6 D:\\vectre\\TLMIS\\vendor\\laravel\\framework\\src\\Illuminate\\Foundation\\Console\\Kernel.php(196): Illuminate\\Foundation\\Console\\Kernel->bootstrap()
#7 Command line code(1): Illuminate\\Foundation\\Console\\Kernel->handle()
#8 {main}
"} 
[2025-01-10 09:53:24] laravel.EMERGENCY: Unable to create configured logger. Using emergency logger. {"exception":"[object] (InvalidArgumentException(code: 0): Log [] is not defined. at D:\\vectre\\TLMIS\\vendor\\laravel\\framework\\src\\Illuminate\\Log\\LogManager.php:232)
[stacktrace]
#0 D:\\vectre\\TLMIS\\vendor\\laravel\\framework\\src\\Illuminate\\Log\\LogManager.php(139): Illuminate\\Log\\LogManager->resolve()
#1 D:\\vectre\\TLMIS\\vendor\\laravel\\framework\\src\\Illuminate\\Log\\LogManager.php(126): Illuminate\\Log\\LogManager->get()
#2 D:\\vectre\\TLMIS\\vendor\\laravel\\framework\\src\\Illuminate\\Log\\LogManager.php(701): Illuminate\\Log\\LogManager->driver()
#3 D:\\vectre\\TLMIS\\vendor\\laravel\\framework\\src\\Illuminate\\Foundation\\Exceptions\\Handler.php(380): Illuminate\\Log\\LogManager->error()
#4 D:\\vectre\\TLMIS\\vendor\\laravel\\framework\\src\\Illuminate\\Foundation\\Exceptions\\Handler.php(343): Illuminate\\Foundation\\Exceptions\\Handler->reportThrowable()
#5 D:\\vectre\\TLMIS\\vendor\\laravel\\framework\\src\\Illuminate\\Foundation\\Console\\Kernel.php(621): Illuminate\\Foundation\\Exceptions\\Handler->report()
#6 D:\\vectre\\TLMIS\\vendor\\laravel\\framework\\src\\Illuminate\\Foundation\\Console\\Kernel.php(200): Illuminate\\Foundation\\Console\\Kernel->reportException()
#7 Command line code(1): Illuminate\\Foundation\\Console\\Kernel->handle()
#8 {main}
"} 
[2025-01-10 09:53:24] laravel.ERROR: Class "Tymon\JWTAuth\Providers\JWT\Provider" not found {"exception":"[object] (Error(code: 0): Class \"Tymon\\JWTAuth\\Providers\\JWT\\Provider\" not found at D:\\vectre\\TLMIS\\config\\jwt.php:134)
[stacktrace]
#0 D:\\vectre\\TLMIS\\vendor\\laravel\\framework\\src\\Illuminate\\Foundation\\Bootstrap\\LoadConfiguration.php(96): require()
#1 D:\\vectre\\TLMIS\\vendor\\laravel\\framework\\src\\Illuminate\\Foundation\\Bootstrap\\LoadConfiguration.php(96): Illuminate\\Foundation\\Bootstrap\\LoadConfiguration->Illuminate\\Foundation\\Bootstrap\\{closure}()
#2 D:\\vectre\\TLMIS\\vendor\\laravel\\framework\\src\\Illuminate\\Foundation\\Bootstrap\\LoadConfiguration.php(77): Illuminate\\Foundation\\Bootstrap\\LoadConfiguration->loadConfigurationFile()
#3 D:\\vectre\\TLMIS\\vendor\\laravel\\framework\\src\\Illuminate\\Foundation\\Bootstrap\\LoadConfiguration.php(38): Illuminate\\Foundation\\Bootstrap\\LoadConfiguration->loadConfigurationFiles()
#4 D:\\vectre\\TLMIS\\vendor\\laravel\\framework\\src\\Illuminate\\Foundation\\Application.php(316): Illuminate\\Foundation\\Bootstrap\\LoadConfiguration->bootstrap()
#5 D:\\vectre\\TLMIS\\vendor\\laravel\\framework\\src\\Illuminate\\Foundation\\Console\\Kernel.php(474): Illuminate\\Foundation\\Application->bootstrapWith()
#6 D:\\vectre\\TLMIS\\vendor\\laravel\\framework\\src\\Illuminate\\Foundation\\Console\\Kernel.php(196): Illuminate\\Foundation\\Console\\Kernel->bootstrap()
#7 Command line code(1): Illuminate\\Foundation\\Console\\Kernel->handle()
#8 {main}
"} 
[2025-02-28 17:48:50] development.ERROR: Pusher\Pusher::__construct(): Argument #1 ($auth_key) must be of type string, null given, called in C:\xampp\htdocs\laravel_projects\TLMIS original code\TLMIS\vendor\laravel\framework\src\Illuminate\Broadcasting\BroadcastManager.php on line 341 {"exception":"[object] (TypeError(code: 0): Pusher\\Pusher::__construct(): Argument #1 ($auth_key) must be of type string, null given, called in C:\\xampp\\htdocs\\laravel_projects\\TLMIS original code\\TLMIS\\vendor\\laravel\\framework\\src\\Illuminate\\Broadcasting\\BroadcastManager.php on line 341 at C:\\xampp\\htdocs\\laravel_projects\\TLMIS original code\\TLMIS\\vendor\\pusher\\pusher-php-server\\src\\Pusher.php:63)
[stacktrace]
#0 C:\\xampp\\htdocs\\laravel_projects\\TLMIS original code\\TLMIS\\vendor\\laravel\\framework\\src\\Illuminate\\Broadcasting\\BroadcastManager.php(341): Pusher\\Pusher->__construct(NULL, NULL, NULL, Array, Object(GuzzleHttp\\Client))
#1 C:\\xampp\\htdocs\\laravel_projects\\TLMIS original code\\TLMIS\\vendor\\laravel\\framework\\src\\Illuminate\\Broadcasting\\BroadcastManager.php(319): Illuminate\\Broadcasting\\BroadcastManager->pusher(Array)
#2 C:\\xampp\\htdocs\\laravel_projects\\TLMIS original code\\TLMIS\\vendor\\laravel\\framework\\src\\Illuminate\\Broadcasting\\BroadcastManager.php(286): Illuminate\\Broadcasting\\BroadcastManager->createPusherDriver(Array)
#3 C:\\xampp\\htdocs\\laravel_projects\\TLMIS original code\\TLMIS\\vendor\\laravel\\framework\\src\\Illuminate\\Broadcasting\\BroadcastManager.php(257): Illuminate\\Broadcasting\\BroadcastManager->resolve('pusher')
#4 C:\\xampp\\htdocs\\laravel_projects\\TLMIS original code\\TLMIS\\vendor\\laravel\\framework\\src\\Illuminate\\Broadcasting\\BroadcastManager.php(246): Illuminate\\Broadcasting\\BroadcastManager->get('pusher')
#5 C:\\xampp\\htdocs\\laravel_projects\\TLMIS original code\\TLMIS\\vendor\\laravel\\framework\\src\\Illuminate\\Broadcasting\\BroadcastManager.php(523): Illuminate\\Broadcasting\\BroadcastManager->driver()
#6 C:\\xampp\\htdocs\\laravel_projects\\TLMIS original code\\TLMIS\\vendor\\laravel\\framework\\src\\Illuminate\\Support\\Facades\\Facade.php(361): Illuminate\\Broadcasting\\BroadcastManager->__call('channel', Array)
#7 C:\\xampp\\htdocs\\laravel_projects\\TLMIS original code\\TLMIS\\routes\\channels.php(6): Illuminate\\Support\\Facades\\Facade::__callStatic('channel', Array)
#8 C:\\xampp\\htdocs\\laravel_projects\\TLMIS original code\\TLMIS\\routes\\web.php(23): require('C:\\\\xampp\\\\htdocs...')
#9 C:\\xampp\\htdocs\\laravel_projects\\TLMIS original code\\TLMIS\\vendor\\laravel\\framework\\src\\Illuminate\\Routing\\RouteFileRegistrar.php(35): require('C:\\\\xampp\\\\htdocs...')
#10 C:\\xampp\\htdocs\\laravel_projects\\TLMIS original code\\TLMIS\\vendor\\laravel\\framework\\src\\Illuminate\\Routing\\Router.php(513): Illuminate\\Routing\\RouteFileRegistrar->register('C:\\\\xampp\\\\htdocs...')
#11 C:\\xampp\\htdocs\\laravel_projects\\TLMIS original code\\TLMIS\\vendor\\laravel\\framework\\src\\Illuminate\\Routing\\Router.php(467): Illuminate\\Routing\\Router->loadRoutes('C:\\\\xampp\\\\htdocs...')
#12 C:\\xampp\\htdocs\\laravel_projects\\TLMIS original code\\TLMIS\\vendor\\laravel\\framework\\src\\Illuminate\\Routing\\RouteRegistrar.php(199): Illuminate\\Routing\\Router->group(Array, 'C:\\\\xampp\\\\htdocs...')
#13 C:\\xampp\\htdocs\\laravel_projects\\TLMIS original code\\TLMIS\\vendor\\laravel\\framework\\src\\Illuminate\\Foundation\\Configuration\\ApplicationBuilder.php(248): Illuminate\\Routing\\RouteRegistrar->group('C:\\\\xampp\\\\htdocs...')
#14 C:\\xampp\\htdocs\\laravel_projects\\TLMIS original code\\TLMIS\\vendor\\laravel\\framework\\src\\Illuminate\\Container\\BoundMethod.php(36): Illuminate\\Foundation\\Configuration\\ApplicationBuilder->Illuminate\\Foundation\\Configuration\\{closure}()
#15 C:\\xampp\\htdocs\\laravel_projects\\TLMIS original code\\TLMIS\\vendor\\laravel\\framework\\src\\Illuminate\\Container\\Util.php(43): Illuminate\\Container\\BoundMethod::Illuminate\\Container\\{closure}()
#16 C:\\xampp\\htdocs\\laravel_projects\\TLMIS original code\\TLMIS\\vendor\\laravel\\framework\\src\\Illuminate\\Container\\BoundMethod.php(83): Illuminate\\Container\\Util::unwrapIfClosure(Object(Closure))
#17 C:\\xampp\\htdocs\\laravel_projects\\TLMIS original code\\TLMIS\\vendor\\laravel\\framework\\src\\Illuminate\\Container\\BoundMethod.php(35): Illuminate\\Container\\BoundMethod::callBoundMethod(Object(Illuminate\\Foundation\\Application), Object(Closure), Object(Closure))
#18 C:\\xampp\\htdocs\\laravel_projects\\TLMIS original code\\TLMIS\\vendor\\laravel\\framework\\src\\Illuminate\\Container\\Container.php(694): Illuminate\\Container\\BoundMethod::call(Object(Illuminate\\Foundation\\Application), Object(Closure), Array, NULL)
#19 C:\\xampp\\htdocs\\laravel_projects\\TLMIS original code\\TLMIS\\vendor\\laravel\\framework\\src\\Illuminate\\Foundation\\Support\\Providers\\RouteServiceProvider.php(162): Illuminate\\Container\\Container->call(Object(Closure))
#20 C:\\xampp\\htdocs\\laravel_projects\\TLMIS original code\\TLMIS\\vendor\\laravel\\framework\\src\\Illuminate\\Foundation\\Support\\Providers\\RouteServiceProvider.php(59): Illuminate\\Foundation\\Support\\Providers\\RouteServiceProvider->loadRoutes()
#21 C:\\xampp\\htdocs\\laravel_projects\\TLMIS original code\\TLMIS\\vendor\\laravel\\framework\\src\\Illuminate\\Container\\BoundMethod.php(36): Illuminate\\Foundation\\Support\\Providers\\RouteServiceProvider->Illuminate\\Foundation\\Support\\Providers\\{closure}()
#22 C:\\xampp\\htdocs\\laravel_projects\\TLMIS original code\\TLMIS\\vendor\\laravel\\framework\\src\\Illuminate\\Container\\Util.php(43): Illuminate\\Container\\BoundMethod::Illuminate\\Container\\{closure}()
#23 C:\\xampp\\htdocs\\laravel_projects\\TLMIS original code\\TLMIS\\vendor\\laravel\\framework\\src\\Illuminate\\Container\\BoundMethod.php(83): Illuminate\\Container\\Util::unwrapIfClosure(Object(Closure))
#24 C:\\xampp\\htdocs\\laravel_projects\\TLMIS original code\\TLMIS\\vendor\\laravel\\framework\\src\\Illuminate\\Container\\BoundMethod.php(35): Illuminate\\Container\\BoundMethod::callBoundMethod(Object(Illuminate\\Foundation\\Application), Object(Closure), Object(Closure))
#25 C:\\xampp\\htdocs\\laravel_projects\\TLMIS original code\\TLMIS\\vendor\\laravel\\framework\\src\\Illuminate\\Container\\Container.php(694): Illuminate\\Container\\BoundMethod::call(Object(Illuminate\\Foundation\\Application), Object(Closure), Array, NULL)
#26 C:\\xampp\\htdocs\\laravel_projects\\TLMIS original code\\TLMIS\\vendor\\laravel\\framework\\src\\Illuminate\\Support\\ServiceProvider.php(144): Illuminate\\Container\\Container->call(Object(Closure))
#27 C:\\xampp\\htdocs\\laravel_projects\\TLMIS original code\\TLMIS\\vendor\\laravel\\framework\\src\\Illuminate\\Foundation\\Application.php(1150): Illuminate\\Support\\ServiceProvider->callBootedCallbacks()
#28 C:\\xampp\\htdocs\\laravel_projects\\TLMIS original code\\TLMIS\\vendor\\laravel\\framework\\src\\Illuminate\\Foundation\\Application.php(1128): Illuminate\\Foundation\\Application->bootProvider(Object(Illuminate\\Foundation\\Support\\Providers\\RouteServiceProvider))
#29 [internal function]: Illuminate\\Foundation\\Application->Illuminate\\Foundation\\{closure}(Object(Illuminate\\Foundation\\Support\\Providers\\RouteServiceProvider), 'Illuminate\\\\Foun...')
#30 C:\\xampp\\htdocs\\laravel_projects\\TLMIS original code\\TLMIS\\vendor\\laravel\\framework\\src\\Illuminate\\Foundation\\Application.php(1127): array_walk(Array, Object(Closure))
#31 C:\\xampp\\htdocs\\laravel_projects\\TLMIS original code\\TLMIS\\vendor\\laravel\\framework\\src\\Illuminate\\Foundation\\Bootstrap\\BootProviders.php(17): Illuminate\\Foundation\\Application->boot()
#32 C:\\xampp\\htdocs\\laravel_projects\\TLMIS original code\\TLMIS\\vendor\\laravel\\framework\\src\\Illuminate\\Foundation\\Application.php(342): Illuminate\\Foundation\\Bootstrap\\BootProviders->bootstrap(Object(Illuminate\\Foundation\\Application))
#33 C:\\xampp\\htdocs\\laravel_projects\\TLMIS original code\\TLMIS\\vendor\\laravel\\framework\\src\\Illuminate\\Foundation\\Console\\Kernel.php(474): Illuminate\\Foundation\\Application->bootstrapWith(Array)
#34 C:\\xampp\\htdocs\\laravel_projects\\TLMIS original code\\TLMIS\\vendor\\laravel\\framework\\src\\Illuminate\\Foundation\\Console\\Kernel.php(196): Illuminate\\Foundation\\Console\\Kernel->bootstrap()
#35 C:\\xampp\\htdocs\\laravel_projects\\TLMIS original code\\TLMIS\\vendor\\laravel\\framework\\src\\Illuminate\\Foundation\\Application.php(1231): Illuminate\\Foundation\\Console\\Kernel->handle(Object(Symfony\\Component\\Console\\Input\\ArgvInput), Object(Symfony\\Component\\Console\\Output\\ConsoleOutput))
#36 C:\\xampp\\htdocs\\laravel_projects\\TLMIS original code\\TLMIS\\artisan(13): Illuminate\\Foundation\\Application->handleCommand(Object(Symfony\\Component\\Console\\Input\\ArgvInput))
#37 {main}
"} 
